[ 2016-09-13T10:22:28+08:00 ] ::1 /project2/parttime/index.php/Wchat/Home/ajaxLogin
INFO: [ app_begin ] --START--
INFO: Run Behavior\ReadHtmlCacheBehavior [ RunTime:0.000577s ]
INFO: [ app_begin ] --END-- [ RunTime:0.001000s ]
SQL: SHOW COLUMNS FROM `pt_manager` [ RunTime:0.0415s ]
SQL: SHOW COLUMNS FROM `pt_wechat_account` [ RunTime:0.0131s ]
SQL: SHOW COLUMNS FROM `pt_member` [ RunTime:0.0107s ]
SQL: SHOW COLUMNS FROM `pt_task_handle` [ RunTime:0.0091s ]
SQL: SHOW COLUMNS FROM `pt_task` [ RunTime:0.0106s ]
SQL: SHOW COLUMNS FROM `pt_partner` [ RunTime:0.0104s ]
SQL: SHOW COLUMNS FROM `pt_partner_deposit` [ RunTime:0.0103s ]
SQL: SHOW COLUMNS FROM `pt_task_submit_result` [ RunTime:0.0103s ]
SQL: SHOW COLUMNS FROM `pt_task_submit_picture` [ RunTime:0.0086s ]
SQL: SHOW COLUMNS FROM `pt_member_withdrawals` [ RunTime:0.0085s ]
SQL: SHOW COLUMNS FROM `pt_task_handle` [ RunTime:0.0067s ]
SQL: SHOW COLUMNS FROM `pt_task_appeal` [ RunTime:0.0095s ]
SQL: SHOW COLUMNS FROM `pt_task_appeal_picture` [ RunTime:0.0071s ]
SQL: SHOW COLUMNS FROM `pt_member` [ RunTime:0.0067s ]
NOTIC: [8] Undefined index: auto D:\WWW\project2\parttime\ThinkPHP\Library\Think\Model.class.php 第 1134 行.
SQL: SELECT `id`,`password` FROM `pt_member` WHERE ( mobile='13817196302' ) LIMIT 1   [ RunTime:0.0004s ]
INFO: [ app_end ] --START--
INFO: Run Behavior\ShowPageTraceBehavior [ RunTime:0.000456s ]
INFO: [ app_end ] --END-- [ RunTime:0.000510s ]

[ 2016-09-13T10:22:39+08:00 ] ::1 /project2/parttime/index.php/Wchat/Member/ajaxLoadTaskHandle
INFO: [ app_begin ] --START--
INFO: Run Behavior\ReadHtmlCacheBehavior [ RunTime:0.000398s ]
INFO: [ app_begin ] --END-- [ RunTime:0.000726s ]
NOTIC: [2048] Declaration of Wchat\Controller\MemberController::acceptTask() should be compatible with that of Components\Base\WchatController::acceptTask() D:\WWW\project2\parttime\Application\Wchat\Controller\MemberController.class.php 第 18 行.
SQL: SHOW COLUMNS FROM `pt_manager` [ RunTime:0.0239s ]
SQL: SHOW COLUMNS FROM `pt_wechat_account` [ RunTime:0.0112s ]
SQL: SHOW COLUMNS FROM `pt_member` [ RunTime:0.0084s ]
SQL: SHOW COLUMNS FROM `pt_task_handle` [ RunTime:0.0087s ]
SQL: SHOW COLUMNS FROM `pt_task` [ RunTime:0.0101s ]
SQL: SHOW COLUMNS FROM `pt_partner` [ RunTime:0.0098s ]
SQL: SHOW COLUMNS FROM `pt_partner_deposit` [ RunTime:0.0104s ]
SQL: SHOW COLUMNS FROM `pt_task_submit_result` [ RunTime:0.0089s ]
SQL: SHOW COLUMNS FROM `pt_task_submit_picture` [ RunTime:0.0092s ]
SQL: SHOW COLUMNS FROM `pt_member_withdrawals` [ RunTime:0.0089s ]
SQL: SHOW COLUMNS FROM `pt_task_handle` [ RunTime:0.0070s ]
SQL: SHOW COLUMNS FROM `pt_task_appeal` [ RunTime:0.0095s ]
SQL: SHOW COLUMNS FROM `pt_task_appeal_picture` [ RunTime:0.0072s ]
SQL:  SELECT `task_id`,`pt_task_handle`.`status`,`accept_time`,`submit_result_id`,`title`,`price` 
              FROM pt_task_handle 
              LEFT JOIN pt_task 
              ON pt_task.id = pt_task_handle.task_id
              WHERE member_id=2
              ORDER BY `pt_task_handle`.`create_time` DESC 
              LIMIT 6,6 [ RunTime:0.0004s ]
INFO: [ app_end ] --START--
INFO: Run Behavior\ShowPageTraceBehavior [ RunTime:0.000465s ]
INFO: [ app_end ] --END-- [ RunTime:0.000523s ]

[ 2016-09-13T13:52:03+08:00 ] ::1 /project2/parttime/index.php/Wchat/Member/loadQRcode.html
INFO: [ app_begin ] --START--
INFO: Run Behavior\ReadHtmlCacheBehavior [ RunTime:0.000704s ]
INFO: [ app_begin ] --END-- [ RunTime:0.001175s ]
NOTIC: [2048] Declaration of Wchat\Controller\MemberController::acceptTask() should be compatible with that of Components\Base\WchatController::acceptTask() D:\WWW\project2\parttime\Application\Wchat\Controller\MemberController.class.php 第 18 行.
SQL: SHOW COLUMNS FROM `pt_manager` [ RunTime:0.0420s ]
SQL: SHOW COLUMNS FROM `pt_wechat_account` [ RunTime:0.0193s ]
SQL: SHOW COLUMNS FROM `pt_member` [ RunTime:0.0127s ]
SQL: SHOW COLUMNS FROM `pt_task_handle` [ RunTime:0.0127s ]
SQL: SHOW COLUMNS FROM `pt_task` [ RunTime:0.0144s ]
SQL: SHOW COLUMNS FROM `pt_partner` [ RunTime:0.0139s ]
SQL: SHOW COLUMNS FROM `pt_partner_deposit` [ RunTime:0.0100s ]
SQL: SHOW COLUMNS FROM `pt_task_submit_result` [ RunTime:0.0091s ]
SQL: SHOW COLUMNS FROM `pt_task_submit_picture` [ RunTime:0.0088s ]
SQL: SHOW COLUMNS FROM `pt_member_withdrawals` [ RunTime:0.0090s ]
SQL: SHOW COLUMNS FROM `pt_task_handle` [ RunTime:0.0069s ]
SQL: SHOW COLUMNS FROM `pt_task_appeal` [ RunTime:0.0098s ]
SQL: SHOW COLUMNS FROM `pt_task_appeal_picture` [ RunTime:0.0077s ]
SQL: SELECT `invite_code` FROM `pt_member` WHERE ( id=2  ) LIMIT 1   [ RunTime:0.0003s ]
INFO: [ app_end ] --START--
INFO: Run Behavior\ShowPageTraceBehavior [ RunTime:0.000648s ]
INFO: [ app_end ] --END-- [ RunTime:0.000716s ]

[ 2016-09-13T14:10:08+08:00 ] ::1 /project2/parttime/index.php/Wchat/Home/sendIdentify?mobile=15380637523&code=XHFH
INFO: [ app_begin ] --START--
INFO: Run Behavior\ReadHtmlCacheBehavior [ RunTime:0.000397s ]
INFO: [ app_begin ] --END-- [ RunTime:0.000732s ]
SQL: SHOW COLUMNS FROM `pt_manager` [ RunTime:0.0270s ]
SQL: SHOW COLUMNS FROM `pt_wechat_account` [ RunTime:0.0096s ]
SQL: SHOW COLUMNS FROM `pt_member` [ RunTime:0.0080s ]
SQL: SHOW COLUMNS FROM `pt_task_handle` [ RunTime:0.0087s ]
SQL: SHOW COLUMNS FROM `pt_task` [ RunTime:0.0112s ]
SQL: SHOW COLUMNS FROM `pt_partner` [ RunTime:0.0096s ]
SQL: SHOW COLUMNS FROM `pt_partner_deposit` [ RunTime:0.0108s ]
SQL: SHOW COLUMNS FROM `pt_task_submit_result` [ RunTime:0.0086s ]
SQL: SHOW COLUMNS FROM `pt_task_submit_picture` [ RunTime:0.0089s ]
SQL: SHOW COLUMNS FROM `pt_member_withdrawals` [ RunTime:0.0088s ]
SQL: SHOW COLUMNS FROM `pt_task_handle` [ RunTime:0.0089s ]
SQL: SHOW COLUMNS FROM `pt_task_appeal` [ RunTime:0.0092s ]
SQL: SHOW COLUMNS FROM `pt_task_appeal_picture` [ RunTime:0.0072s ]
SQL: SHOW COLUMNS FROM `pt_member` [ RunTime:0.0079s ]
NOTIC: [2] Missing argument 1 for Think\Model::getField(), called in D:\WWW\project2\parttime\Application\Wchat\Controller\HomeController.class.php on line 142 and defined D:\WWW\project2\parttime\ThinkPHP\Library\Think\Model.class.php 第 930 行.
NOTIC: [8] Undefined variable: field D:\WWW\project2\parttime\ThinkPHP\Library\Think\Model.class.php 第 931 行.
NOTIC: [8] Undefined variable: field D:\WWW\project2\parttime\ThinkPHP\Library\Think\Model.class.php 第 942 行.
SQL: SELECT * FROM `pt_member` WHERE ( mobile='15380637523' ) LIMIT 1   [ RunTime:0.0004s ]
INFO: [ app_end ] --START--
INFO: Run Behavior\ShowPageTraceBehavior [ RunTime:0.001726s ]
INFO: [ app_end ] --END-- [ RunTime:0.001924s ]

[ 2016-09-13T14:10:41+08:00 ] ::1 /project2/parttime/index.php/Wchat/Home/ajaxRegedit
INFO: [ app_begin ] --START--
INFO: Run Behavior\ReadHtmlCacheBehavior [ RunTime:0.000538s ]
INFO: [ app_begin ] --END-- [ RunTime:0.000942s ]
SQL: SHOW COLUMNS FROM `pt_manager` [ RunTime:0.0414s ]
SQL: SHOW COLUMNS FROM `pt_wechat_account` [ RunTime:0.0139s ]
SQL: SHOW COLUMNS FROM `pt_member` [ RunTime:0.0103s ]
SQL: SHOW COLUMNS FROM `pt_task_handle` [ RunTime:0.0141s ]
SQL: SHOW COLUMNS FROM `pt_task` [ RunTime:0.0244s ]
SQL: SHOW COLUMNS FROM `pt_partner` [ RunTime:0.0263s ]
SQL: SHOW COLUMNS FROM `pt_partner_deposit` [ RunTime:0.0262s ]
SQL: SHOW COLUMNS FROM `pt_task_submit_result` [ RunTime:0.0224s ]
SQL: SHOW COLUMNS FROM `pt_task_submit_picture` [ RunTime:0.0236s ]
SQL: SHOW COLUMNS FROM `pt_member_withdrawals` [ RunTime:0.0207s ]
SQL: SHOW COLUMNS FROM `pt_task_handle` [ RunTime:0.0171s ]
SQL: SHOW COLUMNS FROM `pt_task_appeal` [ RunTime:0.0150s ]
SQL: SHOW COLUMNS FROM `pt_task_appeal_picture` [ RunTime:0.0106s ]
SQL: SHOW COLUMNS FROM `pt_member` [ RunTime:0.0092s ]
NOTIC: [8] Undefined index: auto D:\WWW\project2\parttime\ThinkPHP\Library\Think\Model.class.php 第 1134 行.
INFO: [ app_end ] --START--
INFO: Run Behavior\ShowPageTraceBehavior [ RunTime:0.000629s ]
INFO: [ app_end ] --END-- [ RunTime:0.000694s ]

[ 2016-09-13T14:43:19+08:00 ] ::1 /project2/parttime/index.php/Wchat/Home/sendIdentify?mobile=15380637523&code=PPBU
INFO: [ app_begin ] --START--
INFO: Run Behavior\ReadHtmlCacheBehavior [ RunTime:0.000855s ]
INFO: [ app_begin ] --END-- [ RunTime:0.001329s ]
SQL: SHOW COLUMNS FROM `pt_manager` [ RunTime:0.0351s ]
SQL: SHOW COLUMNS FROM `pt_wechat_account` [ RunTime:0.0095s ]
SQL: SHOW COLUMNS FROM `pt_member` [ RunTime:0.0091s ]
SQL: SHOW COLUMNS FROM `pt_task_handle` [ RunTime:0.0089s ]
SQL: SHOW COLUMNS FROM `pt_task` [ RunTime:0.0095s ]
SQL: SHOW COLUMNS FROM `pt_partner` [ RunTime:0.0100s ]
SQL: SHOW COLUMNS FROM `pt_partner_deposit` [ RunTime:0.0161s ]
SQL: SHOW COLUMNS FROM `pt_task_submit_result` [ RunTime:0.0217s ]
SQL: SHOW COLUMNS FROM `pt_task_submit_picture` [ RunTime:0.0135s ]
SQL: SHOW COLUMNS FROM `pt_member_withdrawals` [ RunTime:0.0112s ]
SQL: SHOW COLUMNS FROM `pt_task_handle` [ RunTime:0.0083s ]
SQL: SHOW COLUMNS FROM `pt_task_appeal` [ RunTime:0.0094s ]
SQL: SHOW COLUMNS FROM `pt_task_appeal_picture` [ RunTime:0.0072s ]
SQL: SHOW COLUMNS FROM `pt_member` [ RunTime:0.0066s ]
NOTIC: [2] Missing argument 1 for Think\Model::getField(), called in D:\WWW\project2\parttime\Application\Wchat\Controller\HomeController.class.php on line 142 and defined D:\WWW\project2\parttime\ThinkPHP\Library\Think\Model.class.php 第 930 行.
NOTIC: [8] Undefined variable: field D:\WWW\project2\parttime\ThinkPHP\Library\Think\Model.class.php 第 931 行.
NOTIC: [8] Undefined variable: field D:\WWW\project2\parttime\ThinkPHP\Library\Think\Model.class.php 第 942 行.
SQL: SELECT * FROM `pt_member` WHERE ( mobile='15380637523' ) LIMIT 1   [ RunTime:0.0004s ]
INFO: [ app_end ] --START--
INFO: Run Behavior\ShowPageTraceBehavior [ RunTime:0.001960s ]
INFO: [ app_end ] --END-- [ RunTime:0.002189s ]

[ 2016-09-13T14:43:49+08:00 ] ::1 /project2/parttime/index.php/Wchat/Home/ajaxRegedit
INFO: [ app_begin ] --START--
INFO: Run Behavior\ReadHtmlCacheBehavior [ RunTime:0.000809s ]
INFO: [ app_begin ] --END-- [ RunTime:0.001274s ]
SQL: SHOW COLUMNS FROM `pt_manager` [ RunTime:0.0402s ]
SQL: SHOW COLUMNS FROM `pt_wechat_account` [ RunTime:0.0095s ]
SQL: SHOW COLUMNS FROM `pt_member` [ RunTime:0.0078s ]
SQL: SHOW COLUMNS FROM `pt_task_handle` [ RunTime:0.0086s ]
SQL: SHOW COLUMNS FROM `pt_task` [ RunTime:0.0092s ]
SQL: SHOW COLUMNS FROM `pt_partner` [ RunTime:0.0101s ]
SQL: SHOW COLUMNS FROM `pt_partner_deposit` [ RunTime:0.0104s ]
SQL: SHOW COLUMNS FROM `pt_task_submit_result` [ RunTime:0.0091s ]
SQL: SHOW COLUMNS FROM `pt_task_submit_picture` [ RunTime:0.0106s ]
SQL: SHOW COLUMNS FROM `pt_member_withdrawals` [ RunTime:0.0077s ]
SQL: SHOW COLUMNS FROM `pt_task_handle` [ RunTime:0.0073s ]
SQL: SHOW COLUMNS FROM `pt_task_appeal` [ RunTime:0.0095s ]
SQL: SHOW COLUMNS FROM `pt_task_appeal_picture` [ RunTime:0.0074s ]
SQL: SHOW COLUMNS FROM `pt_member` [ RunTime:0.0063s ]
NOTIC: [8] Undefined index: auto D:\WWW\project2\parttime\ThinkPHP\Library\Think\Model.class.php 第 1134 行.
INFO: [ app_end ] --START--
INFO: Run Behavior\ShowPageTraceBehavior [ RunTime:0.000747s ]
INFO: [ app_end ] --END-- [ RunTime:0.000809s ]

[ 2016-09-13T14:45:12+08:00 ] ::1 /project2/parttime/index.php/Wchat/Home/ajaxLogin
INFO: [ app_begin ] --START--
INFO: Run Behavior\ReadHtmlCacheBehavior [ RunTime:0.000860s ]
INFO: [ app_begin ] --END-- [ RunTime:0.001326s ]
SQL: SHOW COLUMNS FROM `pt_manager` [ RunTime:0.0431s ]
SQL: SHOW COLUMNS FROM `pt_wechat_account` [ RunTime:0.0106s ]
SQL: SHOW COLUMNS FROM `pt_member` [ RunTime:0.0083s ]
SQL: SHOW COLUMNS FROM `pt_task_handle` [ RunTime:0.0094s ]
SQL: SHOW COLUMNS FROM `pt_task` [ RunTime:0.0180s ]
SQL: SHOW COLUMNS FROM `pt_partner` [ RunTime:0.0209s ]
SQL: SHOW COLUMNS FROM `pt_partner_deposit` [ RunTime:0.0223s ]
SQL: SHOW COLUMNS FROM `pt_task_submit_result` [ RunTime:0.0118s ]
SQL: SHOW COLUMNS FROM `pt_task_submit_picture` [ RunTime:0.0125s ]
SQL: SHOW COLUMNS FROM `pt_member_withdrawals` [ RunTime:0.0110s ]
SQL: SHOW COLUMNS FROM `pt_task_handle` [ RunTime:0.0096s ]
SQL: SHOW COLUMNS FROM `pt_task_appeal` [ RunTime:0.0129s ]
SQL: SHOW COLUMNS FROM `pt_task_appeal_picture` [ RunTime:0.0098s ]
SQL: SHOW COLUMNS FROM `pt_member` [ RunTime:0.0092s ]
NOTIC: [8] Undefined index: auto D:\WWW\project2\parttime\ThinkPHP\Library\Think\Model.class.php 第 1134 行.
SQL: SELECT `id`,`password` FROM `pt_member` WHERE ( mobile='13817196302' ) LIMIT 1   [ RunTime:0.0003s ]
INFO: [ app_end ] --START--
INFO: Run Behavior\ShowPageTraceBehavior [ RunTime:0.000727s ]
INFO: [ app_end ] --END-- [ RunTime:0.000791s ]

[ 2016-09-13T14:46:02+08:00 ] ::1 /project2/parttime/index.php/Wchat/Home/ajaxLogin
INFO: [ app_begin ] --START--
INFO: Run Behavior\ReadHtmlCacheBehavior [ RunTime:0.000714s ]
INFO: [ app_begin ] --END-- [ RunTime:0.001179s ]
SQL: SHOW COLUMNS FROM `pt_manager` [ RunTime:0.0371s ]
SQL: SHOW COLUMNS FROM `pt_wechat_account` [ RunTime:0.0138s ]
SQL: SHOW COLUMNS FROM `pt_member` [ RunTime:0.0120s ]
SQL: SHOW COLUMNS FROM `pt_task_handle` [ RunTime:0.0132s ]
SQL: SHOW COLUMNS FROM `pt_task` [ RunTime:0.0136s ]
SQL: SHOW COLUMNS FROM `pt_partner` [ RunTime:0.0101s ]
SQL: SHOW COLUMNS FROM `pt_partner_deposit` [ RunTime:0.0105s ]
SQL: SHOW COLUMNS FROM `pt_task_submit_result` [ RunTime:0.0101s ]
SQL: SHOW COLUMNS FROM `pt_task_submit_picture` [ RunTime:0.0092s ]
SQL: SHOW COLUMNS FROM `pt_member_withdrawals` [ RunTime:0.0081s ]
SQL: SHOW COLUMNS FROM `pt_task_handle` [ RunTime:0.0070s ]
SQL: SHOW COLUMNS FROM `pt_task_appeal` [ RunTime:0.0095s ]
SQL: SHOW COLUMNS FROM `pt_task_appeal_picture` [ RunTime:0.0074s ]
SQL: SHOW COLUMNS FROM `pt_member` [ RunTime:0.0063s ]
NOTIC: [8] Undefined index: auto D:\WWW\project2\parttime\ThinkPHP\Library\Think\Model.class.php 第 1134 行.
SQL: SELECT `id`,`password` FROM `pt_member` WHERE ( mobile='15380637523' ) LIMIT 1   [ RunTime:0.0003s ]
INFO: [ app_end ] --START--
INFO: Run Behavior\ShowPageTraceBehavior [ RunTime:0.000583s ]
INFO: [ app_end ] --END-- [ RunTime:0.000637s ]

[ 2016-09-13T14:46:34+08:00 ] ::1 /project2/parttime/index.php/Wchat/Home/ajaxLogin
INFO: [ app_begin ] --START--
INFO: Run Behavior\ReadHtmlCacheBehavior [ RunTime:0.000702s ]
INFO: [ app_begin ] --END-- [ RunTime:0.001177s ]
SQL: SHOW COLUMNS FROM `pt_manager` [ RunTime:0.0422s ]
SQL: SHOW COLUMNS FROM `pt_wechat_account` [ RunTime:0.0230s ]
SQL: SHOW COLUMNS FROM `pt_member` [ RunTime:0.0130s ]
SQL: SHOW COLUMNS FROM `pt_task_handle` [ RunTime:0.0142s ]
SQL: SHOW COLUMNS FROM `pt_task` [ RunTime:0.0101s ]
SQL: SHOW COLUMNS FROM `pt_partner` [ RunTime:0.0112s ]
SQL: SHOW COLUMNS FROM `pt_partner_deposit` [ RunTime:0.0128s ]
SQL: SHOW COLUMNS FROM `pt_task_submit_result` [ RunTime:0.0145s ]
SQL: SHOW COLUMNS FROM `pt_task_submit_picture` [ RunTime:0.0153s ]
SQL: SHOW COLUMNS FROM `pt_member_withdrawals` [ RunTime:0.0128s ]
SQL: SHOW COLUMNS FROM `pt_task_handle` [ RunTime:0.0118s ]
SQL: SHOW COLUMNS FROM `pt_task_appeal` [ RunTime:0.0159s ]
SQL: SHOW COLUMNS FROM `pt_task_appeal_picture` [ RunTime:0.0208s ]
SQL: SHOW COLUMNS FROM `pt_member` [ RunTime:0.0131s ]
NOTIC: [8] Undefined index: auto D:\WWW\project2\parttime\ThinkPHP\Library\Think\Model.class.php 第 1134 行.
SQL: SELECT `id`,`password` FROM `pt_member` WHERE ( mobile='13817196302' ) LIMIT 1   [ RunTime:0.0003s ]
INFO: [ app_end ] --START--
INFO: Run Behavior\ShowPageTraceBehavior [ RunTime:0.000615s ]
INFO: [ app_end ] --END-- [ RunTime:0.000670s ]

[ 2016-09-13T14:46:42+08:00 ] ::1 /project2/parttime/index.php/Wchat/Member/loadQRcode.html
INFO: [ app_begin ] --START--
INFO: Run Behavior\ReadHtmlCacheBehavior [ RunTime:0.000702s ]
INFO: [ app_begin ] --END-- [ RunTime:0.001173s ]
NOTIC: [2048] Declaration of Wchat\Controller\MemberController::acceptTask() should be compatible with that of Components\Base\WchatController::acceptTask() D:\WWW\project2\parttime\Application\Wchat\Controller\MemberController.class.php 第 18 行.
SQL: SHOW COLUMNS FROM `pt_manager` [ RunTime:0.0420s ]
SQL: SHOW COLUMNS FROM `pt_wechat_account` [ RunTime:0.0246s ]
SQL: SHOW COLUMNS FROM `pt_member` [ RunTime:0.0208s ]
SQL: SHOW COLUMNS FROM `pt_task_handle` [ RunTime:0.0226s ]
SQL: SHOW COLUMNS FROM `pt_task` [ RunTime:0.0181s ]
SQL: SHOW COLUMNS FROM `pt_partner` [ RunTime:0.0157s ]
SQL: SHOW COLUMNS FROM `pt_partner_deposit` [ RunTime:0.0105s ]
SQL: SHOW COLUMNS FROM `pt_task_submit_result` [ RunTime:0.0092s ]
SQL: SHOW COLUMNS FROM `pt_task_submit_picture` [ RunTime:0.0093s ]
SQL: SHOW COLUMNS FROM `pt_member_withdrawals` [ RunTime:0.0080s ]
SQL: SHOW COLUMNS FROM `pt_task_handle` [ RunTime:0.0071s ]
SQL: SHOW COLUMNS FROM `pt_task_appeal` [ RunTime:0.0097s ]
SQL: SHOW COLUMNS FROM `pt_task_appeal_picture` [ RunTime:0.0149s ]
SQL: SELECT `invite_code` FROM `pt_member` WHERE ( id=2  ) LIMIT 1   [ RunTime:0.0004s ]
INFO: [ app_end ] --START--
INFO: Run Behavior\ShowPageTraceBehavior [ RunTime:0.001248s ]
INFO: [ app_end ] --END-- [ RunTime:0.001372s ]

[ 2016-09-13T14:58:04+08:00 ] ::1 /project2/parttime/index.php/Wchat/Member/loadQRcode.html
INFO: [ app_begin ] --START--
INFO: Run Behavior\ReadHtmlCacheBehavior [ RunTime:0.001047s ]
INFO: [ app_begin ] --END-- [ RunTime:0.001616s ]
NOTIC: [2048] Declaration of Wchat\Controller\MemberController::acceptTask() should be compatible with that of Components\Base\WchatController::acceptTask() D:\WWW\project2\parttime\Application\Wchat\Controller\MemberController.class.php 第 18 行.
SQL: SHOW COLUMNS FROM `pt_manager` [ RunTime:0.0396s ]
SQL: SHOW COLUMNS FROM `pt_wechat_account` [ RunTime:0.0133s ]
SQL: SHOW COLUMNS FROM `pt_member` [ RunTime:0.0114s ]
SQL: SHOW COLUMNS FROM `pt_task_handle` [ RunTime:0.0138s ]
SQL: SHOW COLUMNS FROM `pt_task` [ RunTime:0.0134s ]
SQL: SHOW COLUMNS FROM `pt_partner` [ RunTime:0.0146s ]
SQL: SHOW COLUMNS FROM `pt_partner_deposit` [ RunTime:0.0163s ]
SQL: SHOW COLUMNS FROM `pt_task_submit_result` [ RunTime:0.0094s ]
SQL: SHOW COLUMNS FROM `pt_task_submit_picture` [ RunTime:0.0092s ]
SQL: SHOW COLUMNS FROM `pt_member_withdrawals` [ RunTime:0.0081s ]
SQL: SHOW COLUMNS FROM `pt_task_handle` [ RunTime:0.0072s ]
SQL: SHOW COLUMNS FROM `pt_task_appeal` [ RunTime:0.0102s ]
SQL: SHOW COLUMNS FROM `pt_task_appeal_picture` [ RunTime:0.0115s ]
SQL: SELECT `invite_code` FROM `pt_member` WHERE ( id=2  ) LIMIT 1   [ RunTime:0.0003s ]
INFO: [ app_end ] --START--
INFO: Run Behavior\ShowPageTraceBehavior [ RunTime:0.000710s ]
INFO: [ app_end ] --END-- [ RunTime:0.000768s ]

[ 2016-09-13T14:59:25+08:00 ] ::1 /project2/parttime/index.php/Wchat/Member/loadQRcode.html
INFO: [ app_begin ] --START--
INFO: Run Behavior\ReadHtmlCacheBehavior [ RunTime:0.000745s ]
INFO: [ app_begin ] --END-- [ RunTime:0.001306s ]
NOTIC: [2048] Declaration of Wchat\Controller\MemberController::acceptTask() should be compatible with that of Components\Base\WchatController::acceptTask() D:\WWW\project2\parttime\Application\Wchat\Controller\MemberController.class.php 第 18 行.
SQL: SHOW COLUMNS FROM `pt_manager` [ RunTime:0.0419s ]
SQL: SHOW COLUMNS FROM `pt_wechat_account` [ RunTime:0.0144s ]
SQL: SHOW COLUMNS FROM `pt_member` [ RunTime:0.0132s ]
SQL: SHOW COLUMNS FROM `pt_task_handle` [ RunTime:0.0134s ]
SQL: SHOW COLUMNS FROM `pt_task` [ RunTime:0.0129s ]
SQL: SHOW COLUMNS FROM `pt_partner` [ RunTime:0.0147s ]
SQL: SHOW COLUMNS FROM `pt_partner_deposit` [ RunTime:0.0155s ]
SQL: SHOW COLUMNS FROM `pt_task_submit_result` [ RunTime:0.0102s ]
SQL: SHOW COLUMNS FROM `pt_task_submit_picture` [ RunTime:0.0101s ]
SQL: SHOW COLUMNS FROM `pt_member_withdrawals` [ RunTime:0.0087s ]
SQL: SHOW COLUMNS FROM `pt_task_handle` [ RunTime:0.0081s ]
SQL: SHOW COLUMNS FROM `pt_task_appeal` [ RunTime:0.0104s ]
SQL: SHOW COLUMNS FROM `pt_task_appeal_picture` [ RunTime:0.0086s ]
SQL: SELECT `invite_code` FROM `pt_member` WHERE ( id=2  ) LIMIT 1   [ RunTime:0.0002s ]
INFO: [ app_end ] --START--
INFO: Run Behavior\ShowPageTraceBehavior [ RunTime:0.000579s ]
INFO: [ app_end ] --END-- [ RunTime:0.000636s ]

[ 2016-09-13T14:59:33+08:00 ] ::1 /project2/parttime/index.php/Wchat/Member/loadQRcode.html
INFO: [ app_begin ] --START--
INFO: Run Behavior\ReadHtmlCacheBehavior [ RunTime:0.000942s ]
INFO: [ app_begin ] --END-- [ RunTime:0.001663s ]
NOTIC: [2048] Declaration of Wchat\Controller\MemberController::acceptTask() should be compatible with that of Components\Base\WchatController::acceptTask() D:\WWW\project2\parttime\Application\Wchat\Controller\MemberController.class.php 第 18 行.
SQL: SHOW COLUMNS FROM `pt_manager` [ RunTime:0.0392s ]
SQL: SHOW COLUMNS FROM `pt_wechat_account` [ RunTime:0.0151s ]
SQL: SHOW COLUMNS FROM `pt_member` [ RunTime:0.0124s ]
SQL: SHOW COLUMNS FROM `pt_task_handle` [ RunTime:0.0140s ]
SQL: SHOW COLUMNS FROM `pt_task` [ RunTime:0.0151s ]
SQL: SHOW COLUMNS FROM `pt_partner` [ RunTime:0.0159s ]
SQL: SHOW COLUMNS FROM `pt_partner_deposit` [ RunTime:0.0174s ]
SQL: SHOW COLUMNS FROM `pt_task_submit_result` [ RunTime:0.0143s ]
SQL: SHOW COLUMNS FROM `pt_task_submit_picture` [ RunTime:0.0108s ]
SQL: SHOW COLUMNS FROM `pt_member_withdrawals` [ RunTime:0.0083s ]
SQL: SHOW COLUMNS FROM `pt_task_handle` [ RunTime:0.0080s ]
SQL: SHOW COLUMNS FROM `pt_task_appeal` [ RunTime:0.0100s ]
SQL: SHOW COLUMNS FROM `pt_task_appeal_picture` [ RunTime:0.0073s ]
SQL: SELECT `invite_code` FROM `pt_member` WHERE ( id=2  ) LIMIT 1   [ RunTime:0.0003s ]
INFO: [ app_end ] --START--
INFO: Run Behavior\ShowPageTraceBehavior [ RunTime:0.000479s ]
INFO: [ app_end ] --END-- [ RunTime:0.000535s ]

[ 2016-09-13T14:59:36+08:00 ] ::1 /project2/parttime/index.php/Wchat/Member/loadQRcode.html
INFO: [ app_begin ] --START--
INFO: Run Behavior\ReadHtmlCacheBehavior [ RunTime:0.000891s ]
INFO: [ app_begin ] --END-- [ RunTime:0.001759s ]
NOTIC: [2048] Declaration of Wchat\Controller\MemberController::acceptTask() should be compatible with that of Components\Base\WchatController::acceptTask() D:\WWW\project2\parttime\Application\Wchat\Controller\MemberController.class.php 第 18 行.
SQL: SHOW COLUMNS FROM `pt_manager` [ RunTime:0.0193s ]
SQL: SHOW COLUMNS FROM `pt_wechat_account` [ RunTime:0.0114s ]
SQL: SHOW COLUMNS FROM `pt_member` [ RunTime:0.0097s ]
SQL: SHOW COLUMNS FROM `pt_task_handle` [ RunTime:0.0110s ]
SQL: SHOW COLUMNS FROM `pt_task` [ RunTime:0.0142s ]
SQL: SHOW COLUMNS FROM `pt_partner` [ RunTime:0.0113s ]
SQL: SHOW COLUMNS FROM `pt_partner_deposit` [ RunTime:0.0146s ]
SQL: SHOW COLUMNS FROM `pt_task_submit_result` [ RunTime:0.0104s ]
SQL: SHOW COLUMNS FROM `pt_task_submit_picture` [ RunTime:0.0107s ]
SQL: SHOW COLUMNS FROM `pt_member_withdrawals` [ RunTime:0.0087s ]
SQL: SHOW COLUMNS FROM `pt_task_handle` [ RunTime:0.0097s ]
SQL: SHOW COLUMNS FROM `pt_task_appeal` [ RunTime:0.0127s ]
SQL: SHOW COLUMNS FROM `pt_task_appeal_picture` [ RunTime:0.0100s ]
SQL: SELECT `invite_code` FROM `pt_member` WHERE ( id=2  ) LIMIT 1   [ RunTime:0.0003s ]
INFO: [ app_end ] --START--
INFO: Run Behavior\ShowPageTraceBehavior [ RunTime:0.000574s ]
INFO: [ app_end ] --END-- [ RunTime:0.000654s ]

[ 2016-09-13T14:59:46+08:00 ] ::1 /project2/parttime/index.php/Wchat/Member/loadQRcode.html
INFO: [ app_begin ] --START--
INFO: Run Behavior\ReadHtmlCacheBehavior [ RunTime:0.001126s ]
INFO: [ app_begin ] --END-- [ RunTime:0.001810s ]
NOTIC: [2048] Declaration of Wchat\Controller\MemberController::acceptTask() should be compatible with that of Components\Base\WchatController::acceptTask() D:\WWW\project2\parttime\Application\Wchat\Controller\MemberController.class.php 第 18 行.
SQL: SHOW COLUMNS FROM `pt_manager` [ RunTime:0.0198s ]
SQL: SHOW COLUMNS FROM `pt_wechat_account` [ RunTime:0.0108s ]
SQL: SHOW COLUMNS FROM `pt_member` [ RunTime:0.0087s ]
SQL: SHOW COLUMNS FROM `pt_task_handle` [ RunTime:0.0100s ]
SQL: SHOW COLUMNS FROM `pt_task` [ RunTime:0.0109s ]
SQL: SHOW COLUMNS FROM `pt_partner` [ RunTime:0.0107s ]
SQL: SHOW COLUMNS FROM `pt_partner_deposit` [ RunTime:0.0113s ]
SQL: SHOW COLUMNS FROM `pt_task_submit_result` [ RunTime:0.0103s ]
SQL: SHOW COLUMNS FROM `pt_task_submit_picture` [ RunTime:0.0095s ]
SQL: SHOW COLUMNS FROM `pt_member_withdrawals` [ RunTime:0.0097s ]
SQL: SHOW COLUMNS FROM `pt_task_handle` [ RunTime:0.0080s ]
SQL: SHOW COLUMNS FROM `pt_task_appeal` [ RunTime:0.0103s ]
SQL: SHOW COLUMNS FROM `pt_task_appeal_picture` [ RunTime:0.0076s ]
SQL: SELECT `invite_code` FROM `pt_member` WHERE ( id=2  ) LIMIT 1   [ RunTime:0.0002s ]
INFO: [ app_end ] --START--
INFO: Run Behavior\ShowPageTraceBehavior [ RunTime:0.000482s ]
INFO: [ app_end ] --END-- [ RunTime:0.000537s ]

[ 2016-09-13T14:59:49+08:00 ] ::1 /project2/parttime/index.php/Wchat/Member/loadQRcode.html
INFO: [ app_begin ] --START--
INFO: Run Behavior\ReadHtmlCacheBehavior [ RunTime:0.000599s ]
INFO: [ app_begin ] --END-- [ RunTime:0.001420s ]
NOTIC: [2048] Declaration of Wchat\Controller\MemberController::acceptTask() should be compatible with that of Components\Base\WchatController::acceptTask() D:\WWW\project2\parttime\Application\Wchat\Controller\MemberController.class.php 第 18 行.
SQL: SHOW COLUMNS FROM `pt_manager` [ RunTime:0.0472s ]
SQL: SHOW COLUMNS FROM `pt_wechat_account` [ RunTime:0.0254s ]
SQL: SHOW COLUMNS FROM `pt_member` [ RunTime:0.0225s ]
SQL: SHOW COLUMNS FROM `pt_task_handle` [ RunTime:0.0154s ]
SQL: SHOW COLUMNS FROM `pt_task` [ RunTime:0.0167s ]
SQL: SHOW COLUMNS FROM `pt_partner` [ RunTime:0.0110s ]
SQL: SHOW COLUMNS FROM `pt_partner_deposit` [ RunTime:0.0113s ]
SQL: SHOW COLUMNS FROM `pt_task_submit_result` [ RunTime:0.0099s ]
SQL: SHOW COLUMNS FROM `pt_task_submit_picture` [ RunTime:0.0104s ]
SQL: SHOW COLUMNS FROM `pt_member_withdrawals` [ RunTime:0.0090s ]
SQL: SHOW COLUMNS FROM `pt_task_handle` [ RunTime:0.0075s ]
SQL: SHOW COLUMNS FROM `pt_task_appeal` [ RunTime:0.0102s ]
SQL: SHOW COLUMNS FROM `pt_task_appeal_picture` [ RunTime:0.0074s ]
SQL: SELECT `invite_code` FROM `pt_member` WHERE ( id=2  ) LIMIT 1   [ RunTime:0.0003s ]
INFO: [ app_end ] --START--
INFO: Run Behavior\ShowPageTraceBehavior [ RunTime:0.000496s ]
INFO: [ app_end ] --END-- [ RunTime:0.000555s ]

[ 2016-09-13T15:02:39+08:00 ] ::1 /project2/parttime/index.php/Wchat/Member/loadQRcode.html
INFO: [ app_begin ] --START--
INFO: Run Behavior\ReadHtmlCacheBehavior [ RunTime:0.000791s ]
INFO: [ app_begin ] --END-- [ RunTime:0.001396s ]
NOTIC: [2048] Declaration of Wchat\Controller\MemberController::acceptTask() should be compatible with that of Components\Base\WchatController::acceptTask() D:\WWW\project2\parttime\Application\Wchat\Controller\MemberController.class.php 第 18 行.
SQL: SHOW COLUMNS FROM `pt_manager` [ RunTime:0.0411s ]
SQL: SHOW COLUMNS FROM `pt_wechat_account` [ RunTime:0.0154s ]
SQL: SHOW COLUMNS FROM `pt_member` [ RunTime:0.0132s ]
SQL: SHOW COLUMNS FROM `pt_task_handle` [ RunTime:0.0145s ]
SQL: SHOW COLUMNS FROM `pt_task` [ RunTime:0.0154s ]
SQL: SHOW COLUMNS FROM `pt_partner` [ RunTime:0.0178s ]
SQL: SHOW COLUMNS FROM `pt_partner_deposit` [ RunTime:0.0164s ]
SQL: SHOW COLUMNS FROM `pt_task_submit_result` [ RunTime:0.0141s ]
SQL: SHOW COLUMNS FROM `pt_task_submit_picture` [ RunTime:0.0145s ]
SQL: SHOW COLUMNS FROM `pt_member_withdrawals` [ RunTime:0.0116s ]
SQL: SHOW COLUMNS FROM `pt_task_handle` [ RunTime:0.0108s ]
SQL: SHOW COLUMNS FROM `pt_task_appeal` [ RunTime:0.0147s ]
SQL: SHOW COLUMNS FROM `pt_task_appeal_picture` [ RunTime:0.0119s ]
SQL: SELECT `invite_code` FROM `pt_member` WHERE ( id=2  ) LIMIT 1   [ RunTime:0.0004s ]
INFO: [ app_end ] --START--
INFO: Run Behavior\ShowPageTraceBehavior [ RunTime:0.000825s ]
INFO: [ app_end ] --END-- [ RunTime:0.000916s ]

[ 2016-09-13T15:02:42+08:00 ] ::1 /project2/parttime/index.php/Wchat/Member/loadQRcode.html
INFO: [ app_begin ] --START--
INFO: Run Behavior\ReadHtmlCacheBehavior [ RunTime:0.000557s ]
INFO: [ app_begin ] --END-- [ RunTime:0.001005s ]
NOTIC: [2048] Declaration of Wchat\Controller\MemberController::acceptTask() should be compatible with that of Components\Base\WchatController::acceptTask() D:\WWW\project2\parttime\Application\Wchat\Controller\MemberController.class.php 第 18 行.
SQL: SHOW COLUMNS FROM `pt_manager` [ RunTime:0.0432s ]
SQL: SHOW COLUMNS FROM `pt_wechat_account` [ RunTime:0.0169s ]
SQL: SHOW COLUMNS FROM `pt_member` [ RunTime:0.0134s ]
SQL: SHOW COLUMNS FROM `pt_task_handle` [ RunTime:0.0143s ]
SQL: SHOW COLUMNS FROM `pt_task` [ RunTime:0.0153s ]
SQL: SHOW COLUMNS FROM `pt_partner` [ RunTime:0.0171s ]
SQL: SHOW COLUMNS FROM `pt_partner_deposit` [ RunTime:0.0155s ]
SQL: SHOW COLUMNS FROM `pt_task_submit_result` [ RunTime:0.0091s ]
SQL: SHOW COLUMNS FROM `pt_task_submit_picture` [ RunTime:0.0113s ]
SQL: SHOW COLUMNS FROM `pt_member_withdrawals` [ RunTime:0.0087s ]
SQL: SHOW COLUMNS FROM `pt_task_handle` [ RunTime:0.0091s ]
SQL: SHOW COLUMNS FROM `pt_task_appeal` [ RunTime:0.0099s ]
SQL: SHOW COLUMNS FROM `pt_task_appeal_picture` [ RunTime:0.0072s ]
SQL: SELECT `invite_code` FROM `pt_member` WHERE ( id=2  ) LIMIT 1   [ RunTime:0.0003s ]
INFO: [ app_end ] --START--
INFO: Run Behavior\ShowPageTraceBehavior [ RunTime:0.000484s ]
INFO: [ app_end ] --END-- [ RunTime:0.000540s ]

[ 2016-09-13T15:04:37+08:00 ] 10.10.0.100 /project2/parttime/index.php/Wchat/Home/ajaxLogin
INFO: [ app_begin ] --START--
INFO: Run Behavior\ReadHtmlCacheBehavior [ RunTime:0.001037s ]
INFO: [ app_begin ] --END-- [ RunTime:0.001914s ]
SQL: SHOW COLUMNS FROM `pt_manager` [ RunTime:0.0423s ]
SQL: SHOW COLUMNS FROM `pt_wechat_account` [ RunTime:0.0097s ]
SQL: SHOW COLUMNS FROM `pt_member` [ RunTime:0.0082s ]
SQL: SHOW COLUMNS FROM `pt_task_handle` [ RunTime:0.0089s ]
SQL: SHOW COLUMNS FROM `pt_task` [ RunTime:0.0096s ]
SQL: SHOW COLUMNS FROM `pt_partner` [ RunTime:0.0099s ]
SQL: SHOW COLUMNS FROM `pt_partner_deposit` [ RunTime:0.0103s ]
SQL: SHOW COLUMNS FROM `pt_task_submit_result` [ RunTime:0.0090s ]
SQL: SHOW COLUMNS FROM `pt_task_submit_picture` [ RunTime:0.0104s ]
SQL: SHOW COLUMNS FROM `pt_member_withdrawals` [ RunTime:0.0079s ]
SQL: SHOW COLUMNS FROM `pt_task_handle` [ RunTime:0.0072s ]
SQL: SHOW COLUMNS FROM `pt_task_appeal` [ RunTime:0.0093s ]
SQL: SHOW COLUMNS FROM `pt_task_appeal_picture` [ RunTime:0.0073s ]
SQL: SHOW COLUMNS FROM `pt_member` [ RunTime:0.0061s ]
NOTIC: [8] Undefined index: auto D:\WWW\project2\parttime\ThinkPHP\Library\Think\Model.class.php 第 1134 行.
SQL: SELECT `id`,`password` FROM `pt_member` WHERE ( mobile='13817196302' ) LIMIT 1   [ RunTime:0.0003s ]
INFO: [ app_end ] --START--
INFO: Run Behavior\ShowPageTraceBehavior [ RunTime:0.000435s ]
INFO: [ app_end ] --END-- [ RunTime:0.000488s ]

[ 2016-09-13T15:04:44+08:00 ] 10.10.0.100 /project2/parttime/index.php/Wchat/Member/loadQRcode.html
INFO: [ app_begin ] --START--
INFO: Run Behavior\ReadHtmlCacheBehavior [ RunTime:0.001040s ]
INFO: [ app_begin ] --END-- [ RunTime:0.001894s ]
NOTIC: [2048] Declaration of Wchat\Controller\MemberController::acceptTask() should be compatible with that of Components\Base\WchatController::acceptTask() D:\WWW\project2\parttime\Application\Wchat\Controller\MemberController.class.php 第 18 行.
SQL: SHOW COLUMNS FROM `pt_manager` [ RunTime:0.0379s ]
SQL: SHOW COLUMNS FROM `pt_wechat_account` [ RunTime:0.0131s ]
SQL: SHOW COLUMNS FROM `pt_member` [ RunTime:0.0117s ]
SQL: SHOW COLUMNS FROM `pt_task_handle` [ RunTime:0.0126s ]
SQL: SHOW COLUMNS FROM `pt_task` [ RunTime:0.0134s ]
SQL: SHOW COLUMNS FROM `pt_partner` [ RunTime:0.0140s ]
SQL: SHOW COLUMNS FROM `pt_partner_deposit` [ RunTime:0.0154s ]
SQL: SHOW COLUMNS FROM `pt_task_submit_result` [ RunTime:0.0090s ]
SQL: SHOW COLUMNS FROM `pt_task_submit_picture` [ RunTime:0.0094s ]
SQL: SHOW COLUMNS FROM `pt_member_withdrawals` [ RunTime:0.0079s ]
SQL: SHOW COLUMNS FROM `pt_task_handle` [ RunTime:0.0108s ]
SQL: SHOW COLUMNS FROM `pt_task_appeal` [ RunTime:0.0095s ]
SQL: SHOW COLUMNS FROM `pt_task_appeal_picture` [ RunTime:0.0092s ]
SQL: SELECT `invite_code` FROM `pt_member` WHERE ( id=2  ) LIMIT 1   [ RunTime:0.0002s ]
INFO: [ app_end ] --START--
INFO: Run Behavior\ShowPageTraceBehavior [ RunTime:0.000469s ]
INFO: [ app_end ] --END-- [ RunTime:0.000525s ]

[ 2016-09-13T15:15:08+08:00 ] ::1 /project2/parttime/index.php/Wchat/Home/ajaxLogin
INFO: [ app_begin ] --START--
INFO: Run Behavior\ReadHtmlCacheBehavior [ RunTime:0.000521s ]
INFO: [ app_begin ] --END-- [ RunTime:0.000906s ]
SQL: SHOW COLUMNS FROM `pt_manager` [ RunTime:0.0423s ]
SQL: SHOW COLUMNS FROM `pt_wechat_account` [ RunTime:0.0156s ]
SQL: SHOW COLUMNS FROM `pt_member` [ RunTime:0.0140s ]
SQL: SHOW COLUMNS FROM `pt_task_handle` [ RunTime:0.0104s ]
SQL: SHOW COLUMNS FROM `pt_task` [ RunTime:0.0094s ]
SQL: SHOW COLUMNS FROM `pt_partner` [ RunTime:0.0098s ]
SQL: SHOW COLUMNS FROM `pt_partner_deposit` [ RunTime:0.0115s ]
SQL: SHOW COLUMNS FROM `pt_task_submit_result` [ RunTime:0.0088s ]
SQL: SHOW COLUMNS FROM `pt_task_submit_picture` [ RunTime:0.0091s ]
SQL: SHOW COLUMNS FROM `pt_member_withdrawals` [ RunTime:0.0081s ]
SQL: SHOW COLUMNS FROM `pt_task_handle` [ RunTime:0.0069s ]
SQL: SHOW COLUMNS FROM `pt_task_appeal` [ RunTime:0.0093s ]
SQL: SHOW COLUMNS FROM `pt_task_appeal_picture` [ RunTime:0.0073s ]
SQL: SHOW COLUMNS FROM `pt_member` [ RunTime:0.0061s ]
NOTIC: [8] Undefined index: auto D:\WWW\project2\parttime\ThinkPHP\Library\Think\Model.class.php 第 1134 行.
SQL: SELECT `id`,`password` FROM `pt_member` WHERE ( mobile='13817196302' ) LIMIT 1   [ RunTime:0.0003s ]
INFO: [ app_end ] --START--
INFO: Run Behavior\ShowPageTraceBehavior [ RunTime:0.000429s ]
INFO: [ app_end ] --END-- [ RunTime:0.000483s ]

[ 2016-09-13T15:15:30+08:00 ] ::1 /project2/parttime/index.php/Wchat/Member/loadQRcode.html
INFO: [ app_begin ] --START--
INFO: Run Behavior\ReadHtmlCacheBehavior [ RunTime:0.000518s ]
INFO: [ app_begin ] --END-- [ RunTime:0.001035s ]
NOTIC: [2048] Declaration of Wchat\Controller\MemberController::acceptTask() should be compatible with that of Components\Base\WchatController::acceptTask() D:\WWW\project2\parttime\Application\Wchat\Controller\MemberController.class.php 第 18 行.
SQL: SHOW COLUMNS FROM `pt_manager` [ RunTime:0.0397s ]
SQL: SHOW COLUMNS FROM `pt_wechat_account` [ RunTime:0.0146s ]
SQL: SHOW COLUMNS FROM `pt_member` [ RunTime:0.0123s ]
SQL: SHOW COLUMNS FROM `pt_task_handle` [ RunTime:0.0142s ]
SQL: SHOW COLUMNS FROM `pt_task` [ RunTime:0.0147s ]
SQL: SHOW COLUMNS FROM `pt_partner` [ RunTime:0.0153s ]
SQL: SHOW COLUMNS FROM `pt_partner_deposit` [ RunTime:0.0172s ]
SQL: SHOW COLUMNS FROM `pt_task_submit_result` [ RunTime:0.0140s ]
SQL: SHOW COLUMNS FROM `pt_task_submit_picture` [ RunTime:0.0142s ]
SQL: SHOW COLUMNS FROM `pt_member_withdrawals` [ RunTime:0.0119s ]
SQL: SHOW COLUMNS FROM `pt_task_handle` [ RunTime:0.0113s ]
SQL: SHOW COLUMNS FROM `pt_task_appeal` [ RunTime:0.0149s ]
SQL: SHOW COLUMNS FROM `pt_task_appeal_picture` [ RunTime:0.0111s ]
SQL: SELECT `invite_code` FROM `pt_member` WHERE ( id=2  ) LIMIT 1   [ RunTime:0.0003s ]
INFO: [ app_end ] --START--
INFO: Run Behavior\ShowPageTraceBehavior [ RunTime:0.000527s ]
INFO: [ app_end ] --END-- [ RunTime:0.000605s ]

[ 2016-09-13T15:32:47+08:00 ] ::1 /project2/parttime/index.php/Wchat/Member/loadQRcode.html
INFO: [ app_begin ] --START--
INFO: Run Behavior\ReadHtmlCacheBehavior [ RunTime:0.000580s ]
INFO: [ app_begin ] --END-- [ RunTime:0.001002s ]
NOTIC: [2048] Declaration of Wchat\Controller\MemberController::acceptTask() should be compatible with that of Components\Base\WchatController::acceptTask() D:\WWW\project2\parttime\Application\Wchat\Controller\MemberController.class.php 第 18 行.
SQL: SHOW COLUMNS FROM `pt_manager` [ RunTime:0.0374s ]
SQL: SHOW COLUMNS FROM `pt_wechat_account` [ RunTime:0.0149s ]
SQL: SHOW COLUMNS FROM `pt_member` [ RunTime:0.0125s ]
SQL: SHOW COLUMNS FROM `pt_task_handle` [ RunTime:0.0136s ]
SQL: SHOW COLUMNS FROM `pt_task` [ RunTime:0.0146s ]
SQL: SHOW COLUMNS FROM `pt_partner` [ RunTime:0.0153s ]
SQL: SHOW COLUMNS FROM `pt_partner_deposit` [ RunTime:0.0170s ]
SQL: SHOW COLUMNS FROM `pt_task_submit_result` [ RunTime:0.0139s ]
SQL: SHOW COLUMNS FROM `pt_task_submit_picture` [ RunTime:0.0103s ]
SQL: SHOW COLUMNS FROM `pt_member_withdrawals` [ RunTime:0.0083s ]
SQL: SHOW COLUMNS FROM `pt_task_handle` [ RunTime:0.0071s ]
SQL: SHOW COLUMNS FROM `pt_task_appeal` [ RunTime:0.0102s ]
SQL: SHOW COLUMNS FROM `pt_task_appeal_picture` [ RunTime:0.0073s ]
SQL: SELECT `invite_code` FROM `pt_member` WHERE ( id=2  ) LIMIT 1   [ RunTime:0.0003s ]
INFO: [ app_end ] --START--
INFO: Run Behavior\ShowPageTraceBehavior [ RunTime:0.000603s ]
INFO: [ app_end ] --END-- [ RunTime:0.000660s ]

[ 2016-09-13T15:32:49+08:00 ] ::1 /project2/parttime/index.php/Wchat/Member/loadQRcode.html
INFO: [ app_begin ] --START--
INFO: Run Behavior\ReadHtmlCacheBehavior [ RunTime:0.000444s ]
INFO: [ app_begin ] --END-- [ RunTime:0.000865s ]
NOTIC: [2048] Declaration of Wchat\Controller\MemberController::acceptTask() should be compatible with that of Components\Base\WchatController::acceptTask() D:\WWW\project2\parttime\Application\Wchat\Controller\MemberController.class.php 第 18 行.
SQL: SHOW COLUMNS FROM `pt_manager` [ RunTime:0.0223s ]
SQL: SHOW COLUMNS FROM `pt_wechat_account` [ RunTime:0.0134s ]
SQL: SHOW COLUMNS FROM `pt_member` [ RunTime:0.0120s ]
SQL: SHOW COLUMNS FROM `pt_task_handle` [ RunTime:0.0119s ]
SQL: SHOW COLUMNS FROM `pt_task` [ RunTime:0.0131s ]
SQL: SHOW COLUMNS FROM `pt_partner` [ RunTime:0.0140s ]
SQL: SHOW COLUMNS FROM `pt_partner_deposit` [ RunTime:0.0135s ]
SQL: SHOW COLUMNS FROM `pt_task_submit_result` [ RunTime:0.0099s ]
SQL: SHOW COLUMNS FROM `pt_task_submit_picture` [ RunTime:0.0093s ]
SQL: SHOW COLUMNS FROM `pt_member_withdrawals` [ RunTime:0.0081s ]
SQL: SHOW COLUMNS FROM `pt_task_handle` [ RunTime:0.0074s ]
SQL: SHOW COLUMNS FROM `pt_task_appeal` [ RunTime:0.0098s ]
SQL: SHOW COLUMNS FROM `pt_task_appeal_picture` [ RunTime:0.0072s ]
SQL: SELECT `invite_code` FROM `pt_member` WHERE ( id=2  ) LIMIT 1   [ RunTime:0.0003s ]
INFO: [ app_end ] --START--
INFO: Run Behavior\ShowPageTraceBehavior [ RunTime:0.000607s ]
INFO: [ app_end ] --END-- [ RunTime:0.000675s ]

[ 2016-09-13T15:32:51+08:00 ] ::1 /project2/parttime/index.php/Wchat/Member/loadQRcode.html
INFO: [ app_begin ] --START--
INFO: Run Behavior\ReadHtmlCacheBehavior [ RunTime:0.001227s ]
INFO: [ app_begin ] --END-- [ RunTime:0.002783s ]
NOTIC: [2048] Declaration of Wchat\Controller\MemberController::acceptTask() should be compatible with that of Components\Base\WchatController::acceptTask() D:\WWW\project2\parttime\Application\Wchat\Controller\MemberController.class.php 第 18 行.
SQL: SHOW COLUMNS FROM `pt_manager` [ RunTime:0.0241s ]
SQL: SHOW COLUMNS FROM `pt_wechat_account` [ RunTime:0.0138s ]
SQL: SHOW COLUMNS FROM `pt_member` [ RunTime:0.0087s ]
SQL: SHOW COLUMNS FROM `pt_task_handle` [ RunTime:0.0099s ]
SQL: SHOW COLUMNS FROM `pt_task` [ RunTime:0.0104s ]
SQL: SHOW COLUMNS FROM `pt_partner` [ RunTime:0.0125s ]
SQL: SHOW COLUMNS FROM `pt_partner_deposit` [ RunTime:0.0121s ]
SQL: SHOW COLUMNS FROM `pt_task_submit_result` [ RunTime:0.0095s ]
SQL: SHOW COLUMNS FROM `pt_task_submit_picture` [ RunTime:0.0114s ]
SQL: SHOW COLUMNS FROM `pt_member_withdrawals` [ RunTime:0.0084s ]
SQL: SHOW COLUMNS FROM `pt_task_handle` [ RunTime:0.0075s ]
SQL: SHOW COLUMNS FROM `pt_task_appeal` [ RunTime:0.0106s ]
SQL: SHOW COLUMNS FROM `pt_task_appeal_picture` [ RunTime:0.0083s ]
SQL: SELECT `invite_code` FROM `pt_member` WHERE ( id=2  ) LIMIT 1   [ RunTime:0.0003s ]
INFO: [ app_end ] --START--
INFO: Run Behavior\ShowPageTraceBehavior [ RunTime:0.000610s ]
INFO: [ app_end ] --END-- [ RunTime:0.000667s ]

[ 2016-09-13T15:32:53+08:00 ] ::1 /project2/parttime/index.php/Wchat/Member/loadQRcode.html
INFO: [ app_begin ] --START--
INFO: Run Behavior\ReadHtmlCacheBehavior [ RunTime:0.000603s ]
INFO: [ app_begin ] --END-- [ RunTime:0.001230s ]
NOTIC: [2048] Declaration of Wchat\Controller\MemberController::acceptTask() should be compatible with that of Components\Base\WchatController::acceptTask() D:\WWW\project2\parttime\Application\Wchat\Controller\MemberController.class.php 第 18 行.
SQL: SHOW COLUMNS FROM `pt_manager` [ RunTime:0.0333s ]
SQL: SHOW COLUMNS FROM `pt_wechat_account` [ RunTime:0.0096s ]
SQL: SHOW COLUMNS FROM `pt_member` [ RunTime:0.0085s ]
SQL: SHOW COLUMNS FROM `pt_task_handle` [ RunTime:0.0092s ]
SQL: SHOW COLUMNS FROM `pt_task` [ RunTime:0.0095s ]
SQL: SHOW COLUMNS FROM `pt_partner` [ RunTime:0.0106s ]
SQL: SHOW COLUMNS FROM `pt_partner_deposit` [ RunTime:0.0106s ]
SQL: SHOW COLUMNS FROM `pt_task_submit_result` [ RunTime:0.0090s ]
SQL: SHOW COLUMNS FROM `pt_task_submit_picture` [ RunTime:0.0097s ]
SQL: SHOW COLUMNS FROM `pt_member_withdrawals` [ RunTime:0.0079s ]
SQL: SHOW COLUMNS FROM `pt_task_handle` [ RunTime:0.0072s ]
SQL: SHOW COLUMNS FROM `pt_task_appeal` [ RunTime:0.0096s ]
SQL: SHOW COLUMNS FROM `pt_task_appeal_picture` [ RunTime:0.0078s ]
SQL: SELECT `invite_code` FROM `pt_member` WHERE ( id=2  ) LIMIT 1   [ RunTime:0.0003s ]
INFO: [ app_end ] --START--
INFO: Run Behavior\ShowPageTraceBehavior [ RunTime:0.000618s ]
INFO: [ app_end ] --END-- [ RunTime:0.000675s ]

[ 2016-09-13T15:32:55+08:00 ] ::1 /project2/parttime/index.php/Wchat/Member/loadQRcode.html
INFO: [ app_begin ] --START--
INFO: Run Behavior\ReadHtmlCacheBehavior [ RunTime:0.000530s ]
INFO: [ app_begin ] --END-- [ RunTime:0.000969s ]
NOTIC: [2048] Declaration of Wchat\Controller\MemberController::acceptTask() should be compatible with that of Components\Base\WchatController::acceptTask() D:\WWW\project2\parttime\Application\Wchat\Controller\MemberController.class.php 第 18 行.
SQL: SHOW COLUMNS FROM `pt_manager` [ RunTime:0.0433s ]
SQL: SHOW COLUMNS FROM `pt_wechat_account` [ RunTime:0.0160s ]
SQL: SHOW COLUMNS FROM `pt_member` [ RunTime:0.0115s ]
SQL: SHOW COLUMNS FROM `pt_task_handle` [ RunTime:0.0160s ]
SQL: SHOW COLUMNS FROM `pt_task` [ RunTime:0.0162s ]
SQL: SHOW COLUMNS FROM `pt_partner` [ RunTime:0.0110s ]
SQL: SHOW COLUMNS FROM `pt_partner_deposit` [ RunTime:0.0111s ]
SQL: SHOW COLUMNS FROM `pt_task_submit_result` [ RunTime:0.0093s ]
SQL: SHOW COLUMNS FROM `pt_task_submit_picture` [ RunTime:0.0103s ]
SQL: SHOW COLUMNS FROM `pt_member_withdrawals` [ RunTime:0.0088s ]
SQL: SHOW COLUMNS FROM `pt_task_handle` [ RunTime:0.0087s ]
SQL: SHOW COLUMNS FROM `pt_task_appeal` [ RunTime:0.0100s ]
SQL: SHOW COLUMNS FROM `pt_task_appeal_picture` [ RunTime:0.0094s ]
SQL: SELECT `invite_code` FROM `pt_member` WHERE ( id=2  ) LIMIT 1   [ RunTime:0.0003s ]
INFO: [ app_end ] --START--
INFO: Run Behavior\ShowPageTraceBehavior [ RunTime:0.000673s ]
INFO: [ app_end ] --END-- [ RunTime:0.000731s ]

[ 2016-09-13T15:32:57+08:00 ] ::1 /project2/parttime/index.php/Wchat/Member/loadQRcode.html
INFO: [ app_begin ] --START--
INFO: Run Behavior\ReadHtmlCacheBehavior [ RunTime:0.000811s ]
INFO: [ app_begin ] --END-- [ RunTime:0.001546s ]
NOTIC: [2048] Declaration of Wchat\Controller\MemberController::acceptTask() should be compatible with that of Components\Base\WchatController::acceptTask() D:\WWW\project2\parttime\Application\Wchat\Controller\MemberController.class.php 第 18 行.
SQL: SHOW COLUMNS FROM `pt_manager` [ RunTime:0.0436s ]
SQL: SHOW COLUMNS FROM `pt_wechat_account` [ RunTime:0.0148s ]
SQL: SHOW COLUMNS FROM `pt_member` [ RunTime:0.0087s ]
SQL: SHOW COLUMNS FROM `pt_task_handle` [ RunTime:0.0091s ]
SQL: SHOW COLUMNS FROM `pt_task` [ RunTime:0.0101s ]
SQL: SHOW COLUMNS FROM `pt_partner` [ RunTime:0.0108s ]
SQL: SHOW COLUMNS FROM `pt_partner_deposit` [ RunTime:0.0107s ]
SQL: SHOW COLUMNS FROM `pt_task_submit_result` [ RunTime:0.0106s ]
SQL: SHOW COLUMNS FROM `pt_task_submit_picture` [ RunTime:0.0092s ]
SQL: SHOW COLUMNS FROM `pt_member_withdrawals` [ RunTime:0.0085s ]
SQL: SHOW COLUMNS FROM `pt_task_handle` [ RunTime:0.0071s ]
SQL: SHOW COLUMNS FROM `pt_task_appeal` [ RunTime:0.0102s ]
SQL: SHOW COLUMNS FROM `pt_task_appeal_picture` [ RunTime:0.0077s ]
SQL: SELECT `invite_code` FROM `pt_member` WHERE ( id=2  ) LIMIT 1   [ RunTime:0.0003s ]
INFO: [ app_end ] --START--
INFO: Run Behavior\ShowPageTraceBehavior [ RunTime:0.000620s ]
INFO: [ app_end ] --END-- [ RunTime:0.000678s ]

