[ 2016-09-09T09:58:33+08:00 ] ::1 /project2/parttime/index.php/Wchat/Home/ajaxLogin
INFO: [ app_begin ] --START--
INFO: Run Behavior\ReadHtmlCacheBehavior [ RunTime:0.000395s ]
INFO: [ app_begin ] --END-- [ RunTime:0.000730s ]
SQL: SHOW COLUMNS FROM `pt_manager` [ RunTime:0.0384s ]
SQL: SHOW COLUMNS FROM `pt_wechat_account` [ RunTime:0.0131s ]
SQL: SHOW COLUMNS FROM `pt_member` [ RunTime:0.0110s ]
SQL: SHOW COLUMNS FROM `pt_task_handle` [ RunTime:0.0116s ]
SQL: SHOW COLUMNS FROM `pt_task` [ RunTime:0.0131s ]
SQL: SHOW COLUMNS FROM `pt_partner` [ RunTime:0.0151s ]
SQL: SHOW COLUMNS FROM `pt_partner_deposit` [ RunTime:0.0154s ]
SQL: SHOW COLUMNS FROM `pt_task_submit_result` [ RunTime:0.0115s ]
SQL: SHOW COLUMNS FROM `pt_task_submit_picture` [ RunTime:0.0088s ]
SQL: SHOW COLUMNS FROM `pt_member_withdrawals` [ RunTime:0.0076s ]
SQL: SHOW COLUMNS FROM `pt_task_handle` [ RunTime:0.0069s ]
SQL: SHOW COLUMNS FROM `pt_member` [ RunTime:0.0059s ]
NOTIC: [8] Undefined index: auto D:\WWW\project2\parttime\ThinkPHP\Library\Think\Model.class.php 第 1134 行.
SQL: SELECT `id`,`password` FROM `pt_member` WHERE ( mobile='13817196302' ) LIMIT 1   [ RunTime:0.0012s ]
INFO: [ app_end ] --START--
INFO: Run Behavior\ShowPageTraceBehavior [ RunTime:0.000432s ]
INFO: [ app_end ] --END-- [ RunTime:0.000489s ]

[ 2016-09-09T09:58:35+08:00 ] ::1 /project2/parttime/index.php/Wchat/Home/ajaxLogin
INFO: [ app_begin ] --START--
INFO: Run Behavior\ReadHtmlCacheBehavior [ RunTime:0.000654s ]
INFO: [ app_begin ] --END-- [ RunTime:0.001075s ]
SQL: SHOW COLUMNS FROM `pt_manager` [ RunTime:0.0235s ]
SQL: SHOW COLUMNS FROM `pt_wechat_account` [ RunTime:0.0110s ]
SQL: SHOW COLUMNS FROM `pt_member` [ RunTime:0.0078s ]
SQL: SHOW COLUMNS FROM `pt_task_handle` [ RunTime:0.0087s ]
SQL: SHOW COLUMNS FROM `pt_task` [ RunTime:0.0094s ]
SQL: SHOW COLUMNS FROM `pt_partner` [ RunTime:0.0103s ]
SQL: SHOW COLUMNS FROM `pt_partner_deposit` [ RunTime:0.0105s ]
SQL: SHOW COLUMNS FROM `pt_task_submit_result` [ RunTime:0.0087s ]
SQL: SHOW COLUMNS FROM `pt_task_submit_picture` [ RunTime:0.0092s ]
SQL: SHOW COLUMNS FROM `pt_member_withdrawals` [ RunTime:0.0080s ]
SQL: SHOW COLUMNS FROM `pt_task_handle` [ RunTime:0.0071s ]
SQL: SHOW COLUMNS FROM `pt_member` [ RunTime:0.0062s ]
INFO: [ app_end ] --START--
INFO: Run Behavior\ShowPageTraceBehavior [ RunTime:0.000549s ]
INFO: [ app_end ] --END-- [ RunTime:0.000626s ]

[ 2016-09-09T10:01:49+08:00 ] ::1 /project2/parttime/index.php/Wchat/Member/ajaxLoadTaskAuditStatus
INFO: [ app_begin ] --START--
INFO: Run Behavior\ReadHtmlCacheBehavior [ RunTime:0.000656s ]
INFO: [ app_begin ] --END-- [ RunTime:0.001002s ]
NOTIC: [2048] Declaration of Wchat\Controller\MemberController::acceptTask() should be compatible with that of Components\Base\WchatController::acceptTask() D:\WWW\project2\parttime\Application\Wchat\Controller\MemberController.class.php 第 18 行.
SQL: SHOW COLUMNS FROM `pt_manager` [ RunTime:0.0383s ]
SQL: SHOW COLUMNS FROM `pt_wechat_account` [ RunTime:0.0094s ]
SQL: SHOW COLUMNS FROM `pt_member` [ RunTime:0.0092s ]
SQL: SHOW COLUMNS FROM `pt_task_handle` [ RunTime:0.0090s ]
SQL: SHOW COLUMNS FROM `pt_task` [ RunTime:0.0093s ]
SQL: SHOW COLUMNS FROM `pt_partner` [ RunTime:0.0097s ]
SQL: SHOW COLUMNS FROM `pt_partner_deposit` [ RunTime:0.0102s ]
SQL: SHOW COLUMNS FROM `pt_task_submit_result` [ RunTime:0.0087s ]
SQL: SHOW COLUMNS FROM `pt_task_submit_picture` [ RunTime:0.0091s ]
SQL: SHOW COLUMNS FROM `pt_member_withdrawals` [ RunTime:0.0074s ]
SQL: SHOW COLUMNS FROM `pt_task_handle` [ RunTime:0.0069s ]
ERR: 1064:You have an error in your SQL syntax; check the manual that corresponds to your MySQL server version for the right syntax to use near '' at line 4
 [ SQL语句 ] :  SELECT `id`,`member_id`,`status`,`audit_time`,`remark`
              FROM pt_task_submit_result
               
              WHERE id= ;
             
ERR: 1064:You have an error in your SQL syntax; check the manual that corresponds to your MySQL server version for the right syntax to use near '' at line 4
 [ SQL语句 ] :  SELECT `id`,`member_id`,`status`,`audit_time`,`remark`
              FROM pt_task_submit_result
               
              WHERE id= ;
             

[ 2016-09-09T10:01:52+08:00 ] ::1 /project2/parttime/index.php/Wchat/Member/ajaxLoadTaskAuditStatus
INFO: [ app_begin ] --START--
INFO: Run Behavior\ReadHtmlCacheBehavior [ RunTime:0.000547s ]
INFO: [ app_begin ] --END-- [ RunTime:0.000938s ]
NOTIC: [2048] Declaration of Wchat\Controller\MemberController::acceptTask() should be compatible with that of Components\Base\WchatController::acceptTask() D:\WWW\project2\parttime\Application\Wchat\Controller\MemberController.class.php 第 18 行.
SQL: SHOW COLUMNS FROM `pt_manager` [ RunTime:0.0409s ]
SQL: SHOW COLUMNS FROM `pt_wechat_account` [ RunTime:0.0163s ]
SQL: SHOW COLUMNS FROM `pt_member` [ RunTime:0.0103s ]
SQL: SHOW COLUMNS FROM `pt_task_handle` [ RunTime:0.0143s ]
SQL: SHOW COLUMNS FROM `pt_task` [ RunTime:0.0142s ]
SQL: SHOW COLUMNS FROM `pt_partner` [ RunTime:0.0127s ]
SQL: SHOW COLUMNS FROM `pt_partner_deposit` [ RunTime:0.0126s ]
SQL: SHOW COLUMNS FROM `pt_task_submit_result` [ RunTime:0.0089s ]
SQL: SHOW COLUMNS FROM `pt_task_submit_picture` [ RunTime:0.0103s ]
SQL: SHOW COLUMNS FROM `pt_member_withdrawals` [ RunTime:0.0080s ]
SQL: SHOW COLUMNS FROM `pt_task_handle` [ RunTime:0.0089s ]
ERR: 1064:You have an error in your SQL syntax; check the manual that corresponds to your MySQL server version for the right syntax to use near '' at line 4
 [ SQL语句 ] :  SELECT `id`,`member_id`,`status`,`audit_time`,`remark`
              FROM pt_task_submit_result
               
              WHERE id= ;
             
ERR: 1064:You have an error in your SQL syntax; check the manual that corresponds to your MySQL server version for the right syntax to use near '' at line 4
 [ SQL语句 ] :  SELECT `id`,`member_id`,`status`,`audit_time`,`remark`
              FROM pt_task_submit_result
               
              WHERE id= ;
             

[ 2016-09-09T10:01:53+08:00 ] ::1 /project2/parttime/index.php/Wchat/Member/ajaxLoadTaskAuditStatus
INFO: [ app_begin ] --START--
INFO: Run Behavior\ReadHtmlCacheBehavior [ RunTime:0.000674s ]
INFO: [ app_begin ] --END-- [ RunTime:0.001099s ]
NOTIC: [2048] Declaration of Wchat\Controller\MemberController::acceptTask() should be compatible with that of Components\Base\WchatController::acceptTask() D:\WWW\project2\parttime\Application\Wchat\Controller\MemberController.class.php 第 18 行.
SQL: SHOW COLUMNS FROM `pt_manager` [ RunTime:0.0298s ]
SQL: SHOW COLUMNS FROM `pt_wechat_account` [ RunTime:0.0109s ]
SQL: SHOW COLUMNS FROM `pt_member` [ RunTime:0.0079s ]
SQL: SHOW COLUMNS FROM `pt_task_handle` [ RunTime:0.0085s ]
SQL: SHOW COLUMNS FROM `pt_task` [ RunTime:0.0092s ]
SQL: SHOW COLUMNS FROM `pt_partner` [ RunTime:0.0099s ]
SQL: SHOW COLUMNS FROM `pt_partner_deposit` [ RunTime:0.0103s ]
SQL: SHOW COLUMNS FROM `pt_task_submit_result` [ RunTime:0.0085s ]
SQL: SHOW COLUMNS FROM `pt_task_submit_picture` [ RunTime:0.0091s ]
SQL: SHOW COLUMNS FROM `pt_member_withdrawals` [ RunTime:0.0086s ]
SQL: SHOW COLUMNS FROM `pt_task_handle` [ RunTime:0.0068s ]
ERR: 1064:You have an error in your SQL syntax; check the manual that corresponds to your MySQL server version for the right syntax to use near '' at line 4
 [ SQL语句 ] :  SELECT `id`,`member_id`,`status`,`audit_time`,`remark`
              FROM pt_task_submit_result
               
              WHERE id= ;
             
ERR: 1064:You have an error in your SQL syntax; check the manual that corresponds to your MySQL server version for the right syntax to use near '' at line 4
 [ SQL语句 ] :  SELECT `id`,`member_id`,`status`,`audit_time`,`remark`
              FROM pt_task_submit_result
               
              WHERE id= ;
             

[ 2016-09-09T10:01:55+08:00 ] ::1 /project2/parttime/index.php/Wchat/Member/ajaxLoadTaskHandle
INFO: [ app_begin ] --START--
INFO: Run Behavior\ReadHtmlCacheBehavior [ RunTime:0.000653s ]
INFO: [ app_begin ] --END-- [ RunTime:0.001121s ]
NOTIC: [2048] Declaration of Wchat\Controller\MemberController::acceptTask() should be compatible with that of Components\Base\WchatController::acceptTask() D:\WWW\project2\parttime\Application\Wchat\Controller\MemberController.class.php 第 18 行.
SQL: SHOW COLUMNS FROM `pt_manager` [ RunTime:0.0383s ]
SQL: SHOW COLUMNS FROM `pt_wechat_account` [ RunTime:0.0101s ]
SQL: SHOW COLUMNS FROM `pt_member` [ RunTime:0.0083s ]
SQL: SHOW COLUMNS FROM `pt_task_handle` [ RunTime:0.0088s ]
SQL: SHOW COLUMNS FROM `pt_task` [ RunTime:0.0095s ]
SQL: SHOW COLUMNS FROM `pt_partner` [ RunTime:0.0101s ]
SQL: SHOW COLUMNS FROM `pt_partner_deposit` [ RunTime:0.0105s ]
SQL: SHOW COLUMNS FROM `pt_task_submit_result` [ RunTime:0.0090s ]
SQL: SHOW COLUMNS FROM `pt_task_submit_picture` [ RunTime:0.0108s ]
SQL: SHOW COLUMNS FROM `pt_member_withdrawals` [ RunTime:0.0082s ]
SQL: SHOW COLUMNS FROM `pt_task_handle` [ RunTime:0.0073s ]
SQL:  SELECT `task_id`,`pt_task_handle`.`status`,`accept_time`,`submit_result_id`,`title`,`price` 
              FROM pt_task_handle 
              LEFT JOIN pt_task 
              ON pt_task.id = pt_task_handle.task_id
              WHERE member_id=2
              LIMIT 6,6 [ RunTime:0.0005s ]
INFO: [ app_end ] --START--
INFO: Run Behavior\ShowPageTraceBehavior [ RunTime:0.000555s ]
INFO: [ app_end ] --END-- [ RunTime:0.000614s ]

[ 2016-09-09T10:01:56+08:00 ] ::1 /project2/parttime/index.php/Wchat/Member/ajaxLoadTaskAuditStatus
INFO: [ app_begin ] --START--
INFO: Run Behavior\ReadHtmlCacheBehavior [ RunTime:0.000706s ]
INFO: [ app_begin ] --END-- [ RunTime:0.001337s ]
NOTIC: [2048] Declaration of Wchat\Controller\MemberController::acceptTask() should be compatible with that of Components\Base\WchatController::acceptTask() D:\WWW\project2\parttime\Application\Wchat\Controller\MemberController.class.php 第 18 行.
SQL: SHOW COLUMNS FROM `pt_manager` [ RunTime:0.0339s ]
SQL: SHOW COLUMNS FROM `pt_wechat_account` [ RunTime:0.0147s ]
SQL: SHOW COLUMNS FROM `pt_member` [ RunTime:0.0126s ]
SQL: SHOW COLUMNS FROM `pt_task_handle` [ RunTime:0.0143s ]
SQL: SHOW COLUMNS FROM `pt_task` [ RunTime:0.0126s ]
SQL: SHOW COLUMNS FROM `pt_partner` [ RunTime:0.0102s ]
SQL: SHOW COLUMNS FROM `pt_partner_deposit` [ RunTime:0.0101s ]
SQL: SHOW COLUMNS FROM `pt_task_submit_result` [ RunTime:0.0096s ]
SQL: SHOW COLUMNS FROM `pt_task_submit_picture` [ RunTime:0.0090s ]
SQL: SHOW COLUMNS FROM `pt_member_withdrawals` [ RunTime:0.0079s ]
SQL: SHOW COLUMNS FROM `pt_task_handle` [ RunTime:0.0069s ]
ERR: 1064:You have an error in your SQL syntax; check the manual that corresponds to your MySQL server version for the right syntax to use near '' at line 4
 [ SQL语句 ] :  SELECT `id`,`member_id`,`status`,`audit_time`,`remark`
              FROM pt_task_submit_result
               
              WHERE id= ;
             
ERR: 1064:You have an error in your SQL syntax; check the manual that corresponds to your MySQL server version for the right syntax to use near '' at line 4
 [ SQL语句 ] :  SELECT `id`,`member_id`,`status`,`audit_time`,`remark`
              FROM pt_task_submit_result
               
              WHERE id= ;
             

[ 2016-09-09T10:02:00+08:00 ] ::1 /project2/parttime/index.php/Wchat/Member/ajaxLoadTaskAuditStatus
INFO: [ app_begin ] --START--
INFO: Run Behavior\ReadHtmlCacheBehavior [ RunTime:0.000642s ]
INFO: [ app_begin ] --END-- [ RunTime:0.001100s ]
NOTIC: [2048] Declaration of Wchat\Controller\MemberController::acceptTask() should be compatible with that of Components\Base\WchatController::acceptTask() D:\WWW\project2\parttime\Application\Wchat\Controller\MemberController.class.php 第 18 行.
SQL: SHOW COLUMNS FROM `pt_manager` [ RunTime:0.0361s ]
SQL: SHOW COLUMNS FROM `pt_wechat_account` [ RunTime:0.0174s ]
SQL: SHOW COLUMNS FROM `pt_member` [ RunTime:0.0131s ]
SQL: SHOW COLUMNS FROM `pt_task_handle` [ RunTime:0.0139s ]
SQL: SHOW COLUMNS FROM `pt_task` [ RunTime:0.0153s ]
SQL: SHOW COLUMNS FROM `pt_partner` [ RunTime:0.0159s ]
SQL: SHOW COLUMNS FROM `pt_partner_deposit` [ RunTime:0.0173s ]
SQL: SHOW COLUMNS FROM `pt_task_submit_result` [ RunTime:0.0140s ]
SQL: SHOW COLUMNS FROM `pt_task_submit_picture` [ RunTime:0.0091s ]
SQL: SHOW COLUMNS FROM `pt_member_withdrawals` [ RunTime:0.0077s ]
SQL: SHOW COLUMNS FROM `pt_task_handle` [ RunTime:0.0069s ]
ERR: 1054:Unknown column 'undefined' in 'where clause'
 [ SQL语句 ] :  SELECT `id`,`member_id`,`status`,`audit_time`,`remark`
              FROM pt_task_submit_result
               
              WHERE id= undefined;
             
ERR: 1054:Unknown column 'undefined' in 'where clause'
 [ SQL语句 ] :  SELECT `id`,`member_id`,`status`,`audit_time`,`remark`
              FROM pt_task_submit_result
               
              WHERE id= undefined;
             

[ 2016-09-09T10:02:31+08:00 ] ::1 /project2/parttime/index.php/Wchat/Member/ajaxLoadTaskAuditStatus
INFO: [ app_begin ] --START--
INFO: Run Behavior\ReadHtmlCacheBehavior [ RunTime:0.000533s ]
INFO: [ app_begin ] --END-- [ RunTime:0.000935s ]
NOTIC: [2048] Declaration of Wchat\Controller\MemberController::acceptTask() should be compatible with that of Components\Base\WchatController::acceptTask() D:\WWW\project2\parttime\Application\Wchat\Controller\MemberController.class.php 第 18 行.
SQL: SHOW COLUMNS FROM `pt_manager` [ RunTime:0.0162s ]
SQL: SHOW COLUMNS FROM `pt_wechat_account` [ RunTime:0.0096s ]
SQL: SHOW COLUMNS FROM `pt_member` [ RunTime:0.0102s ]
SQL: SHOW COLUMNS FROM `pt_task_handle` [ RunTime:0.0118s ]
SQL: SHOW COLUMNS FROM `pt_task` [ RunTime:0.0094s ]
SQL: SHOW COLUMNS FROM `pt_partner` [ RunTime:0.0108s ]
SQL: SHOW COLUMNS FROM `pt_partner_deposit` [ RunTime:0.0117s ]
SQL: SHOW COLUMNS FROM `pt_task_submit_result` [ RunTime:0.0084s ]
SQL: SHOW COLUMNS FROM `pt_task_submit_picture` [ RunTime:0.0090s ]
SQL: SHOW COLUMNS FROM `pt_member_withdrawals` [ RunTime:0.0081s ]
SQL: SHOW COLUMNS FROM `pt_task_handle` [ RunTime:0.0094s ]
ERR: 1054:Unknown column 'undefined' in 'where clause'
 [ SQL语句 ] :  SELECT `id`,`member_id`,`status`,`audit_time`,`remark`
              FROM pt_task_submit_result
               
              WHERE id= undefined;
             
ERR: 1054:Unknown column 'undefined' in 'where clause'
 [ SQL语句 ] :  SELECT `id`,`member_id`,`status`,`audit_time`,`remark`
              FROM pt_task_submit_result
               
              WHERE id= undefined;
             

[ 2016-09-09T10:02:32+08:00 ] ::1 /project2/parttime/index.php/Wchat/Member/ajaxLoadTaskAuditStatus
INFO: [ app_begin ] --START--
INFO: Run Behavior\ReadHtmlCacheBehavior [ RunTime:0.000898s ]
INFO: [ app_begin ] --END-- [ RunTime:0.001485s ]
NOTIC: [2048] Declaration of Wchat\Controller\MemberController::acceptTask() should be compatible with that of Components\Base\WchatController::acceptTask() D:\WWW\project2\parttime\Application\Wchat\Controller\MemberController.class.php 第 18 行.
SQL: SHOW COLUMNS FROM `pt_manager` [ RunTime:0.0312s ]
SQL: SHOW COLUMNS FROM `pt_wechat_account` [ RunTime:0.0145s ]
SQL: SHOW COLUMNS FROM `pt_member` [ RunTime:0.0124s ]
SQL: SHOW COLUMNS FROM `pt_task_handle` [ RunTime:0.0133s ]
SQL: SHOW COLUMNS FROM `pt_task` [ RunTime:0.0144s ]
SQL: SHOW COLUMNS FROM `pt_partner` [ RunTime:0.0151s ]
SQL: SHOW COLUMNS FROM `pt_partner_deposit` [ RunTime:0.0121s ]
SQL: SHOW COLUMNS FROM `pt_task_submit_result` [ RunTime:0.0085s ]
SQL: SHOW COLUMNS FROM `pt_task_submit_picture` [ RunTime:0.0089s ]
SQL: SHOW COLUMNS FROM `pt_member_withdrawals` [ RunTime:0.0075s ]
SQL: SHOW COLUMNS FROM `pt_task_handle` [ RunTime:0.0068s ]
ERR: 1054:Unknown column 'undefined' in 'where clause'
 [ SQL语句 ] :  SELECT `id`,`member_id`,`status`,`audit_time`,`remark`
              FROM pt_task_submit_result
               
              WHERE id= undefined;
             
ERR: 1054:Unknown column 'undefined' in 'where clause'
 [ SQL语句 ] :  SELECT `id`,`member_id`,`status`,`audit_time`,`remark`
              FROM pt_task_submit_result
               
              WHERE id= undefined;
             

[ 2016-09-09T10:02:33+08:00 ] ::1 /project2/parttime/index.php/Wchat/Member/ajaxLoadTaskAuditStatus
INFO: [ app_begin ] --START--
INFO: Run Behavior\ReadHtmlCacheBehavior [ RunTime:0.000407s ]
INFO: [ app_begin ] --END-- [ RunTime:0.000719s ]
NOTIC: [2048] Declaration of Wchat\Controller\MemberController::acceptTask() should be compatible with that of Components\Base\WchatController::acceptTask() D:\WWW\project2\parttime\Application\Wchat\Controller\MemberController.class.php 第 18 行.
SQL: SHOW COLUMNS FROM `pt_manager` [ RunTime:0.0211s ]
SQL: SHOW COLUMNS FROM `pt_wechat_account` [ RunTime:0.0096s ]
SQL: SHOW COLUMNS FROM `pt_member` [ RunTime:0.0082s ]
SQL: SHOW COLUMNS FROM `pt_task_handle` [ RunTime:0.0087s ]
SQL: SHOW COLUMNS FROM `pt_task` [ RunTime:0.0094s ]
SQL: SHOW COLUMNS FROM `pt_partner` [ RunTime:0.0100s ]
SQL: SHOW COLUMNS FROM `pt_partner_deposit` [ RunTime:0.0104s ]
SQL: SHOW COLUMNS FROM `pt_task_submit_result` [ RunTime:0.0087s ]
SQL: SHOW COLUMNS FROM `pt_task_submit_picture` [ RunTime:0.0093s ]
SQL: SHOW COLUMNS FROM `pt_member_withdrawals` [ RunTime:0.0080s ]
SQL: SHOW COLUMNS FROM `pt_task_handle` [ RunTime:0.0082s ]
ERR: 1054:Unknown column 'undefined' in 'where clause'
 [ SQL语句 ] :  SELECT `id`,`member_id`,`status`,`audit_time`,`remark`
              FROM pt_task_submit_result
               
              WHERE id= undefined;
             
ERR: 1054:Unknown column 'undefined' in 'where clause'
 [ SQL语句 ] :  SELECT `id`,`member_id`,`status`,`audit_time`,`remark`
              FROM pt_task_submit_result
               
              WHERE id= undefined;
             

[ 2016-09-09T10:02:36+08:00 ] ::1 /project2/parttime/index.php/Wchat/Member/ajaxLoadTaskAuditStatus
INFO: [ app_begin ] --START--
INFO: Run Behavior\ReadHtmlCacheBehavior [ RunTime:0.000762s ]
INFO: [ app_begin ] --END-- [ RunTime:0.001279s ]
NOTIC: [2048] Declaration of Wchat\Controller\MemberController::acceptTask() should be compatible with that of Components\Base\WchatController::acceptTask() D:\WWW\project2\parttime\Application\Wchat\Controller\MemberController.class.php 第 18 行.
SQL: SHOW COLUMNS FROM `pt_manager` [ RunTime:0.0408s ]
SQL: SHOW COLUMNS FROM `pt_wechat_account` [ RunTime:0.0285s ]
SQL: SHOW COLUMNS FROM `pt_member` [ RunTime:0.0191s ]
SQL: SHOW COLUMNS FROM `pt_task_handle` [ RunTime:0.0135s ]
SQL: SHOW COLUMNS FROM `pt_task` [ RunTime:0.0140s ]
SQL: SHOW COLUMNS FROM `pt_partner` [ RunTime:0.0187s ]
SQL: SHOW COLUMNS FROM `pt_partner_deposit` [ RunTime:0.0136s ]
SQL: SHOW COLUMNS FROM `pt_task_submit_result` [ RunTime:0.0087s ]
SQL: SHOW COLUMNS FROM `pt_task_submit_picture` [ RunTime:0.0094s ]
SQL: SHOW COLUMNS FROM `pt_member_withdrawals` [ RunTime:0.0084s ]
SQL: SHOW COLUMNS FROM `pt_task_handle` [ RunTime:0.0078s ]
ERR: 1054:Unknown column 'undefined' in 'where clause'
 [ SQL语句 ] :  SELECT `id`,`member_id`,`status`,`audit_time`,`remark`
              FROM pt_task_submit_result
               
              WHERE id= undefined;
             
ERR: 1054:Unknown column 'undefined' in 'where clause'
 [ SQL语句 ] :  SELECT `id`,`member_id`,`status`,`audit_time`,`remark`
              FROM pt_task_submit_result
               
              WHERE id= undefined;
             

[ 2016-09-09T10:07:32+08:00 ] ::1 /project2/parttime/index.php/Wchat/Member/lookTaskLog.html
ERR: 1052:Column 'create_time' in order clause is ambiguous
 [ SQL语句 ] :  SELECT `task_id`,`pt_task_handle`.`status`,`accept_time`,`submit_result_id`,`title`,`price` 
              FROM pt_task_handle 
              LEFT JOIN pt_task 
              ON pt_task.id = pt_task_handle.task_id
              WHERE member_id=2
              ORDER BY `create_time`
              LIMIT 0,6

[ 2016-09-09T10:08:54+08:00 ] ::1 /project2/parttime/index.php/Wchat/Member/lookTaskLog.html
ERR: 1052:Column 'create_time' in order clause is ambiguous
 [ SQL语句 ] :  SELECT `task_id`,`pt_task_handle`.`status`,`accept_time`,`submit_result_id`,`title`,`price` 
              FROM pt_task_handle 
              LEFT JOIN pt_task 
              ON pt_task.id = pt_task_handle.task_id
              WHERE member_id=2
              ORDER BY `create_time` 
              LIMIT 0,6

[ 2016-09-09T10:09:32+08:00 ] ::1 /project2/parttime/index.php/Wchat/Member/lookTaskLog.html
ERR: 1052:Column 'create_time' in order clause is ambiguous
 [ SQL语句 ] :  SELECT `task_id`,`pt_task_handle`.`status`,`accept_time`,`submit_result_id`,`title`,`price` 
              FROM pt_task_handle 
              LEFT JOIN pt_task 
              ON pt_task.id = pt_task_handle.task_id
              WHERE member_id=2
              ORDER BY `create_time` DESC 
              LIMIT 0,6

[ 2016-09-09T10:10:48+08:00 ] ::1 /project2/parttime/index.php/Wchat/Member/lookTaskLog.html
ERR: 1054:Unknown column 'pt_task_handle' in 'order clause'
 [ SQL语句 ] :  SELECT `task_id`,`pt_task_handle`.`status`,`accept_time`,`submit_result_id`,`title`,`price` 
              FROM pt_task_handle 
              LEFT JOIN pt_task 
              ON pt_task.id = pt_task_handle.task_id
              WHERE member_id=2
              ORDER BY `pt_task_handle`,`create_time` DESC 
              LIMIT 0,6

[ 2016-09-09T10:11:04+08:00 ] ::1 /project2/parttime/index.php/Wchat/Member/ajaxLoadTaskHandle
INFO: [ app_begin ] --START--
INFO: Run Behavior\ReadHtmlCacheBehavior [ RunTime:0.001052s ]
INFO: [ app_begin ] --END-- [ RunTime:0.001795s ]
NOTIC: [2048] Declaration of Wchat\Controller\MemberController::acceptTask() should be compatible with that of Components\Base\WchatController::acceptTask() D:\WWW\project2\parttime\Application\Wchat\Controller\MemberController.class.php 第 18 行.
SQL: SHOW COLUMNS FROM `pt_manager` [ RunTime:0.0421s ]
SQL: SHOW COLUMNS FROM `pt_wechat_account` [ RunTime:0.0293s ]
SQL: SHOW COLUMNS FROM `pt_member` [ RunTime:0.0199s ]
SQL: SHOW COLUMNS FROM `pt_task_handle` [ RunTime:0.0148s ]
SQL: SHOW COLUMNS FROM `pt_task` [ RunTime:0.0164s ]
SQL: SHOW COLUMNS FROM `pt_partner` [ RunTime:0.0160s ]
SQL: SHOW COLUMNS FROM `pt_partner_deposit` [ RunTime:0.0172s ]
SQL: SHOW COLUMNS FROM `pt_task_submit_result` [ RunTime:0.0143s ]
SQL: SHOW COLUMNS FROM `pt_task_submit_picture` [ RunTime:0.0116s ]
SQL: SHOW COLUMNS FROM `pt_member_withdrawals` [ RunTime:0.0080s ]
SQL: SHOW COLUMNS FROM `pt_task_handle` [ RunTime:0.0073s ]
SQL:  SELECT `task_id`,`pt_task_handle`.`status`,`accept_time`,`submit_result_id`,`title`,`price` 
              FROM pt_task_handle 
              LEFT JOIN pt_task 
              ON pt_task.id = pt_task_handle.task_id
              WHERE member_id=2
              ORDER BY `pt_task_handle`.`create_time` DESC 
              LIMIT 6,6 [ RunTime:0.0005s ]
INFO: [ app_end ] --START--
INFO: Run Behavior\ShowPageTraceBehavior [ RunTime:0.000648s ]
INFO: [ app_end ] --END-- [ RunTime:0.000711s ]

[ 2016-09-09T10:11:08+08:00 ] ::1 /project2/parttime/index.php/Wchat/Member/ajaxLoadTaskAuditStatus
INFO: [ app_begin ] --START--
INFO: Run Behavior\ReadHtmlCacheBehavior [ RunTime:0.000604s ]
INFO: [ app_begin ] --END-- [ RunTime:0.001116s ]
NOTIC: [2048] Declaration of Wchat\Controller\MemberController::acceptTask() should be compatible with that of Components\Base\WchatController::acceptTask() D:\WWW\project2\parttime\Application\Wchat\Controller\MemberController.class.php 第 18 行.
SQL: SHOW COLUMNS FROM `pt_manager` [ RunTime:0.0405s ]
SQL: SHOW COLUMNS FROM `pt_wechat_account` [ RunTime:0.0158s ]
SQL: SHOW COLUMNS FROM `pt_member` [ RunTime:0.0107s ]
SQL: SHOW COLUMNS FROM `pt_task_handle` [ RunTime:0.0114s ]
SQL: SHOW COLUMNS FROM `pt_task` [ RunTime:0.0121s ]
SQL: SHOW COLUMNS FROM `pt_partner` [ RunTime:0.0102s ]
SQL: SHOW COLUMNS FROM `pt_partner_deposit` [ RunTime:0.0115s ]
SQL: SHOW COLUMNS FROM `pt_task_submit_result` [ RunTime:0.0086s ]
SQL: SHOW COLUMNS FROM `pt_task_submit_picture` [ RunTime:0.0087s ]
SQL: SHOW COLUMNS FROM `pt_member_withdrawals` [ RunTime:0.0082s ]
SQL: SHOW COLUMNS FROM `pt_task_handle` [ RunTime:0.0071s ]
ERR: 1064:You have an error in your SQL syntax; check the manual that corresponds to your MySQL server version for the right syntax to use near '' at line 3
 [ SQL语句 ] :  SELECT `id`,`member_id`,`status`,`audit_time`,`remark`
              FROM pt_task_submit_result 
              WHERE id= ;
             
ERR: 1064:You have an error in your SQL syntax; check the manual that corresponds to your MySQL server version for the right syntax to use near '' at line 3
 [ SQL语句 ] :  SELECT `id`,`member_id`,`status`,`audit_time`,`remark`
              FROM pt_task_submit_result 
              WHERE id= ;
             

[ 2016-09-09T10:13:06+08:00 ] ::1 /project2/parttime/index.php/Wchat/Member/ajaxLoadTaskHandle
INFO: [ app_begin ] --START--
INFO: Run Behavior\ReadHtmlCacheBehavior [ RunTime:0.000573s ]
INFO: [ app_begin ] --END-- [ RunTime:0.000990s ]
NOTIC: [2048] Declaration of Wchat\Controller\MemberController::acceptTask() should be compatible with that of Components\Base\WchatController::acceptTask() D:\WWW\project2\parttime\Application\Wchat\Controller\MemberController.class.php 第 18 行.
SQL: SHOW COLUMNS FROM `pt_manager` [ RunTime:0.0254s ]
SQL: SHOW COLUMNS FROM `pt_wechat_account` [ RunTime:0.0143s ]
SQL: SHOW COLUMNS FROM `pt_member` [ RunTime:0.0124s ]
SQL: SHOW COLUMNS FROM `pt_task_handle` [ RunTime:0.0105s ]
SQL: SHOW COLUMNS FROM `pt_task` [ RunTime:0.0093s ]
SQL: SHOW COLUMNS FROM `pt_partner` [ RunTime:0.0099s ]
SQL: SHOW COLUMNS FROM `pt_partner_deposit` [ RunTime:0.0101s ]
SQL: SHOW COLUMNS FROM `pt_task_submit_result` [ RunTime:0.0089s ]
SQL: SHOW COLUMNS FROM `pt_task_submit_picture` [ RunTime:0.0101s ]
SQL: SHOW COLUMNS FROM `pt_member_withdrawals` [ RunTime:0.0079s ]
SQL: SHOW COLUMNS FROM `pt_task_handle` [ RunTime:0.0070s ]
SQL:  SELECT `task_id`,`pt_task_handle`.`status`,`accept_time`,`submit_result_id`,`title`,`price` 
              FROM pt_task_handle 
              LEFT JOIN pt_task 
              ON pt_task.id = pt_task_handle.task_id
              WHERE member_id=2
              ORDER BY `pt_task_handle`.`create_time` DESC 
              LIMIT 6,6 [ RunTime:0.0005s ]
INFO: [ app_end ] --START--
INFO: Run Behavior\ShowPageTraceBehavior [ RunTime:0.000500s ]
INFO: [ app_end ] --END-- [ RunTime:0.000560s ]

[ 2016-09-09T10:23:08+08:00 ] ::1 /project2/parttime/index.php/Wchat/Member/ajaxLoadTaskAuditStatus
INFO: [ app_begin ] --START--
INFO: Run Behavior\ReadHtmlCacheBehavior [ RunTime:0.000423s ]
INFO: [ app_begin ] --END-- [ RunTime:0.000709s ]
NOTIC: [2048] Declaration of Wchat\Controller\MemberController::acceptTask() should be compatible with that of Components\Base\WchatController::acceptTask() D:\WWW\project2\parttime\Application\Wchat\Controller\MemberController.class.php 第 18 行.
SQL: SHOW COLUMNS FROM `pt_manager` [ RunTime:0.0399s ]
SQL: SHOW COLUMNS FROM `pt_wechat_account` [ RunTime:0.0240s ]
SQL: SHOW COLUMNS FROM `pt_member` [ RunTime:0.0176s ]
SQL: SHOW COLUMNS FROM `pt_task_handle` [ RunTime:0.0115s ]
SQL: SHOW COLUMNS FROM `pt_task` [ RunTime:0.0126s ]
SQL: SHOW COLUMNS FROM `pt_partner` [ RunTime:0.0131s ]
SQL: SHOW COLUMNS FROM `pt_partner_deposit` [ RunTime:0.0147s ]
SQL: SHOW COLUMNS FROM `pt_task_submit_result` [ RunTime:0.0100s ]
SQL: SHOW COLUMNS FROM `pt_task_submit_picture` [ RunTime:0.0095s ]
SQL: SHOW COLUMNS FROM `pt_member_withdrawals` [ RunTime:0.0119s ]
SQL: SHOW COLUMNS FROM `pt_task_handle` [ RunTime:0.0087s ]
ERR: 1064:You have an error in your SQL syntax; check the manual that corresponds to your MySQL server version for the right syntax to use near '' at line 3
 [ SQL语句 ] :  SELECT `id`,`member_id`,`status`,`audit_time`,`remark`
              FROM pt_task_submit_result 
              WHERE id= ;
             
ERR: 1064:You have an error in your SQL syntax; check the manual that corresponds to your MySQL server version for the right syntax to use near '' at line 3
 [ SQL语句 ] :  SELECT `id`,`member_id`,`status`,`audit_time`,`remark`
              FROM pt_task_submit_result 
              WHERE id= ;
             

[ 2016-09-09T11:08:23+08:00 ] ::1 /project2/parttime/index.php/Wchat/Member/ajaxLoadTaskHandle
INFO: [ app_begin ] --START--
INFO: Run Behavior\ReadHtmlCacheBehavior [ RunTime:0.000596s ]
INFO: [ app_begin ] --END-- [ RunTime:0.000913s ]
NOTIC: [2048] Declaration of Wchat\Controller\MemberController::acceptTask() should be compatible with that of Components\Base\WchatController::acceptTask() D:\WWW\project2\parttime\Application\Wchat\Controller\MemberController.class.php 第 18 行.
SQL: SHOW COLUMNS FROM `pt_manager` [ RunTime:0.0293s ]
SQL: SHOW COLUMNS FROM `pt_wechat_account` [ RunTime:0.0157s ]
SQL: SHOW COLUMNS FROM `pt_member` [ RunTime:0.0159s ]
SQL: SHOW COLUMNS FROM `pt_task_handle` [ RunTime:0.0098s ]
SQL: SHOW COLUMNS FROM `pt_task` [ RunTime:0.0112s ]
SQL: SHOW COLUMNS FROM `pt_partner` [ RunTime:0.0102s ]
SQL: SHOW COLUMNS FROM `pt_partner_deposit` [ RunTime:0.0112s ]
SQL: SHOW COLUMNS FROM `pt_task_submit_result` [ RunTime:0.0096s ]
SQL: SHOW COLUMNS FROM `pt_task_submit_picture` [ RunTime:0.0094s ]
SQL: SHOW COLUMNS FROM `pt_member_withdrawals` [ RunTime:0.0092s ]
SQL: SHOW COLUMNS FROM `pt_task_handle` [ RunTime:0.0071s ]
SQL:  SELECT `task_id`,`pt_task_handle`.`status`,`accept_time`,`submit_result_id`,`title`,`price` 
              FROM pt_task_handle 
              LEFT JOIN pt_task 
              ON pt_task.id = pt_task_handle.task_id
              WHERE member_id=2
              ORDER BY `pt_task_handle`.`create_time` DESC 
              LIMIT 6,6 [ RunTime:0.0005s ]
INFO: [ app_end ] --START--
INFO: Run Behavior\ShowPageTraceBehavior [ RunTime:0.000590s ]
INFO: [ app_end ] --END-- [ RunTime:0.000663s ]

[ 2016-09-09T11:09:55+08:00 ] ::1 /project2/parttime/index.php/Wchat/Member/ajaxLoadWdDetail
INFO: [ app_begin ] --START--
INFO: Run Behavior\ReadHtmlCacheBehavior [ RunTime:0.000543s ]
INFO: [ app_begin ] --END-- [ RunTime:0.000965s ]
NOTIC: [2048] Declaration of Wchat\Controller\MemberController::acceptTask() should be compatible with that of Components\Base\WchatController::acceptTask() D:\WWW\project2\parttime\Application\Wchat\Controller\MemberController.class.php 第 18 行.
SQL: SHOW COLUMNS FROM `pt_manager` [ RunTime:0.0415s ]
SQL: SHOW COLUMNS FROM `pt_wechat_account` [ RunTime:0.0139s ]
SQL: SHOW COLUMNS FROM `pt_member` [ RunTime:0.0117s ]
SQL: SHOW COLUMNS FROM `pt_task_handle` [ RunTime:0.0142s ]
SQL: SHOW COLUMNS FROM `pt_task` [ RunTime:0.0139s ]
SQL: SHOW COLUMNS FROM `pt_partner` [ RunTime:0.0147s ]
SQL: SHOW COLUMNS FROM `pt_partner_deposit` [ RunTime:0.0169s ]
SQL: SHOW COLUMNS FROM `pt_task_submit_result` [ RunTime:0.0131s ]
SQL: SHOW COLUMNS FROM `pt_task_submit_picture` [ RunTime:0.0140s ]
SQL: SHOW COLUMNS FROM `pt_member_withdrawals` [ RunTime:0.0084s ]
SQL: SHOW COLUMNS FROM `pt_task_handle` [ RunTime:0.0078s ]
SQL: SELECT * FROM `pt_member_withdrawals` WHERE ( id=11  ) LIMIT 1   [ RunTime:0.0004s ]
INFO: [ app_end ] --START--
INFO: Run Behavior\ShowPageTraceBehavior [ RunTime:0.000481s ]
INFO: [ app_end ] --END-- [ RunTime:0.000544s ]

[ 2016-09-09T11:10:02+08:00 ] ::1 /project2/parttime/index.php/Wchat/Member/ajaxLoadWithdrawalsData
INFO: [ app_begin ] --START--
INFO: Run Behavior\ReadHtmlCacheBehavior [ RunTime:0.001059s ]
INFO: [ app_begin ] --END-- [ RunTime:0.001836s ]
NOTIC: [2048] Declaration of Wchat\Controller\MemberController::acceptTask() should be compatible with that of Components\Base\WchatController::acceptTask() D:\WWW\project2\parttime\Application\Wchat\Controller\MemberController.class.php 第 18 行.
SQL: SHOW COLUMNS FROM `pt_manager` [ RunTime:0.0437s ]
SQL: SHOW COLUMNS FROM `pt_wechat_account` [ RunTime:0.0251s ]
SQL: SHOW COLUMNS FROM `pt_member` [ RunTime:0.0216s ]
SQL: SHOW COLUMNS FROM `pt_task_handle` [ RunTime:0.0137s ]
SQL: SHOW COLUMNS FROM `pt_task` [ RunTime:0.0138s ]
SQL: SHOW COLUMNS FROM `pt_partner` [ RunTime:0.0134s ]
SQL: SHOW COLUMNS FROM `pt_partner_deposit` [ RunTime:0.0146s ]
SQL: SHOW COLUMNS FROM `pt_task_submit_result` [ RunTime:0.0129s ]
SQL: SHOW COLUMNS FROM `pt_task_submit_picture` [ RunTime:0.0137s ]
SQL: SHOW COLUMNS FROM `pt_member_withdrawals` [ RunTime:0.0125s ]
SQL: SHOW COLUMNS FROM `pt_task_handle` [ RunTime:0.0150s ]
SQL: SELECT `id`,`create_time`,`withdrawals_type`,`amount`,`status`,`audit_status` FROM `pt_member_withdrawals` WHERE ( member_id=2  ) ORDER BY create_time desc LIMIT 6,6   [ RunTime:0.0004s ]
INFO: [ app_end ] --START--
INFO: Run Behavior\ShowPageTraceBehavior [ RunTime:0.000435s ]
INFO: [ app_end ] --END-- [ RunTime:0.000494s ]

[ 2016-09-09T11:27:18+08:00 ] ::1 /project2/parttime/index.php/Wchat/Member/ajaxLoadTaskHandle
INFO: [ app_begin ] --START--
INFO: Run Behavior\ReadHtmlCacheBehavior [ RunTime:0.000773s ]
INFO: [ app_begin ] --END-- [ RunTime:0.001280s ]
NOTIC: [2048] Declaration of Wchat\Controller\MemberController::acceptTask() should be compatible with that of Components\Base\WchatController::acceptTask() D:\WWW\project2\parttime\Application\Wchat\Controller\MemberController.class.php 第 18 行.
SQL: SHOW COLUMNS FROM `pt_manager` [ RunTime:0.0425s ]
SQL: SHOW COLUMNS FROM `pt_wechat_account` [ RunTime:0.0141s ]
SQL: SHOW COLUMNS FROM `pt_member` [ RunTime:0.0116s ]
SQL: SHOW COLUMNS FROM `pt_task_handle` [ RunTime:0.0122s ]
SQL: SHOW COLUMNS FROM `pt_task` [ RunTime:0.0136s ]
SQL: SHOW COLUMNS FROM `pt_partner` [ RunTime:0.0154s ]
SQL: SHOW COLUMNS FROM `pt_partner_deposit` [ RunTime:0.0152s ]
SQL: SHOW COLUMNS FROM `pt_task_submit_result` [ RunTime:0.0128s ]
SQL: SHOW COLUMNS FROM `pt_task_submit_picture` [ RunTime:0.0127s ]
SQL: SHOW COLUMNS FROM `pt_member_withdrawals` [ RunTime:0.0102s ]
SQL: SHOW COLUMNS FROM `pt_task_handle` [ RunTime:0.0102s ]
SQL:  SELECT `task_id`,`pt_task_handle`.`status`,`accept_time`,`submit_result_id`,`title`,`price` 
              FROM pt_task_handle 
              LEFT JOIN pt_task 
              ON pt_task.id = pt_task_handle.task_id
              WHERE member_id=2
              ORDER BY `pt_task_handle`.`create_time` DESC 
              LIMIT 6,6 [ RunTime:0.0004s ]
INFO: [ app_end ] --START--
INFO: Run Behavior\ShowPageTraceBehavior [ RunTime:0.000513s ]
INFO: [ app_end ] --END-- [ RunTime:0.000568s ]

