[ 2016-09-14T10:49:40+08:00 ] ::1 /project2/parttime/index.php/Wchat/Home/ajaxLogin
INFO: [ app_begin ] --START--
INFO: Run Behavior\ReadHtmlCacheBehavior [ RunTime:0.000519s ]
INFO: [ app_begin ] --END-- [ RunTime:0.000945s ]
SQL: SHOW COLUMNS FROM `pt_manager` [ RunTime:0.0373s ]
SQL: SHOW COLUMNS FROM `pt_wechat_account` [ RunTime:0.0127s ]
SQL: SHOW COLUMNS FROM `pt_member` [ RunTime:0.0075s ]
SQL: SHOW COLUMNS FROM `pt_task_handle` [ RunTime:0.0084s ]
SQL: SHOW COLUMNS FROM `pt_task` [ RunTime:0.0101s ]
SQL: SHOW COLUMNS FROM `pt_partner` [ RunTime:0.0093s ]
SQL: SHOW COLUMNS FROM `pt_partner_deposit` [ RunTime:0.0098s ]
SQL: SHOW COLUMNS FROM `pt_task_submit_result` [ RunTime:0.0087s ]
SQL: SHOW COLUMNS FROM `pt_task_submit_picture` [ RunTime:0.0088s ]
SQL: SHOW COLUMNS FROM `pt_member_withdrawals` [ RunTime:0.0075s ]
SQL: SHOW COLUMNS FROM `pt_task_handle` [ RunTime:0.0068s ]
SQL: SHOW COLUMNS FROM `pt_task_appeal` [ RunTime:0.0090s ]
SQL: SHOW COLUMNS FROM `pt_task_appeal_picture` [ RunTime:0.0070s ]
SQL: SHOW COLUMNS FROM `pt_member` [ RunTime:0.0057s ]
NOTIC: [8] Undefined index: auto D:\WWW\project2\parttime\ThinkPHP\Library\Think\Model.class.php 第 1134 行.
SQL: SELECT `id`,`password` FROM `pt_member` WHERE ( mobile='13817196302' ) LIMIT 1   [ RunTime:0.0003s ]
INFO: [ app_end ] --START--
INFO: Run Behavior\ShowPageTraceBehavior [ RunTime:0.000438s ]
INFO: [ app_end ] --END-- [ RunTime:0.000489s ]

[ 2016-09-14T11:09:39+08:00 ] ::1 /project2/parttime/index.php/Wchat/Member/loadQRcode.html
INFO: [ app_begin ] --START--
INFO: Run Behavior\ReadHtmlCacheBehavior [ RunTime:0.000848s ]
INFO: [ app_begin ] --END-- [ RunTime:0.001626s ]
NOTIC: [2048] Declaration of Wchat\Controller\MemberController::acceptTask() should be compatible with that of Components\Base\WchatController::acceptTask() D:\WWW\project2\parttime\Application\Wchat\Controller\MemberController.class.php 第 18 行.
SQL: SHOW COLUMNS FROM `pt_manager` [ RunTime:0.0374s ]
SQL: SHOW COLUMNS FROM `pt_wechat_account` [ RunTime:0.0152s ]
SQL: SHOW COLUMNS FROM `pt_member` [ RunTime:0.0126s ]
SQL: SHOW COLUMNS FROM `pt_task_handle` [ RunTime:0.0147s ]
SQL: SHOW COLUMNS FROM `pt_task` [ RunTime:0.0117s ]
SQL: SHOW COLUMNS FROM `pt_partner` [ RunTime:0.0108s ]
SQL: SHOW COLUMNS FROM `pt_partner_deposit` [ RunTime:0.0113s ]
SQL: SHOW COLUMNS FROM `pt_task_submit_result` [ RunTime:0.0100s ]
SQL: SHOW COLUMNS FROM `pt_task_submit_picture` [ RunTime:0.0096s ]
SQL: SHOW COLUMNS FROM `pt_member_withdrawals` [ RunTime:0.0080s ]
SQL: SHOW COLUMNS FROM `pt_task_handle` [ RunTime:0.0070s ]
SQL: SHOW COLUMNS FROM `pt_task_appeal` [ RunTime:0.0091s ]
SQL: SHOW COLUMNS FROM `pt_task_appeal_picture` [ RunTime:0.0071s ]
SQL: SELECT `invite_code` FROM `pt_member` WHERE ( id=2  ) LIMIT 1   [ RunTime:0.0003s ]
INFO: [ app_end ] --START--
INFO: Run Behavior\ShowPageTraceBehavior [ RunTime:0.000689s ]
INFO: [ app_end ] --END-- [ RunTime:0.000780s ]

[ 2016-09-14T11:10:09+08:00 ] ::1 /project2/parttime/index.php/Wchat/Member/loadQRcode.html
INFO: [ app_begin ] --START--
INFO: Run Behavior\ReadHtmlCacheBehavior [ RunTime:0.000893s ]
INFO: [ app_begin ] --END-- [ RunTime:0.001574s ]
NOTIC: [2048] Declaration of Wchat\Controller\MemberController::acceptTask() should be compatible with that of Components\Base\WchatController::acceptTask() D:\WWW\project2\parttime\Application\Wchat\Controller\MemberController.class.php 第 18 行.
SQL: SHOW COLUMNS FROM `pt_manager` [ RunTime:0.0431s ]
SQL: SHOW COLUMNS FROM `pt_wechat_account` [ RunTime:0.0187s ]
SQL: SHOW COLUMNS FROM `pt_member` [ RunTime:0.0103s ]
SQL: SHOW COLUMNS FROM `pt_task_handle` [ RunTime:0.0125s ]
SQL: SHOW COLUMNS FROM `pt_task` [ RunTime:0.0126s ]
SQL: SHOW COLUMNS FROM `pt_partner` [ RunTime:0.0125s ]
SQL: SHOW COLUMNS FROM `pt_partner_deposit` [ RunTime:0.0131s ]
SQL: SHOW COLUMNS FROM `pt_task_submit_result` [ RunTime:0.0115s ]
SQL: SHOW COLUMNS FROM `pt_task_submit_picture` [ RunTime:0.0112s ]
SQL: SHOW COLUMNS FROM `pt_member_withdrawals` [ RunTime:0.0074s ]
SQL: SHOW COLUMNS FROM `pt_task_handle` [ RunTime:0.0081s ]
SQL: SHOW COLUMNS FROM `pt_task_appeal` [ RunTime:0.0100s ]
SQL: SHOW COLUMNS FROM `pt_task_appeal_picture` [ RunTime:0.0127s ]
SQL: SELECT `invite_code` FROM `pt_member` WHERE ( id=2  ) LIMIT 1   [ RunTime:0.0002s ]
INFO: [ app_end ] --START--
INFO: Run Behavior\ShowPageTraceBehavior [ RunTime:0.000565s ]
INFO: [ app_end ] --END-- [ RunTime:0.000622s ]

[ 2016-09-14T11:24:07+08:00 ] ::1 /project2/parttime/index.php/Wchat/Member/loadQRcode.html
INFO: [ app_begin ] --START--
INFO: Run Behavior\ReadHtmlCacheBehavior [ RunTime:0.000625s ]
INFO: [ app_begin ] --END-- [ RunTime:0.001178s ]
NOTIC: [2048] Declaration of Wchat\Controller\MemberController::acceptTask() should be compatible with that of Components\Base\WchatController::acceptTask() D:\WWW\project2\parttime\Application\Wchat\Controller\MemberController.class.php 第 18 行.
SQL: SHOW COLUMNS FROM `pt_manager` [ RunTime:0.0265s ]
SQL: SHOW COLUMNS FROM `pt_wechat_account` [ RunTime:0.0104s ]
SQL: SHOW COLUMNS FROM `pt_member` [ RunTime:0.0077s ]
SQL: SHOW COLUMNS FROM `pt_task_handle` [ RunTime:0.0092s ]
SQL: SHOW COLUMNS FROM `pt_task` [ RunTime:0.0097s ]
SQL: SHOW COLUMNS FROM `pt_partner` [ RunTime:0.0102s ]
SQL: SHOW COLUMNS FROM `pt_partner_deposit` [ RunTime:0.0119s ]
SQL: SHOW COLUMNS FROM `pt_task_submit_result` [ RunTime:0.0090s ]
SQL: SHOW COLUMNS FROM `pt_task_submit_picture` [ RunTime:0.0087s ]
SQL: SHOW COLUMNS FROM `pt_member_withdrawals` [ RunTime:0.0076s ]
SQL: SHOW COLUMNS FROM `pt_task_handle` [ RunTime:0.0073s ]
SQL: SHOW COLUMNS FROM `pt_task_appeal` [ RunTime:0.0095s ]
SQL: SHOW COLUMNS FROM `pt_task_appeal_picture` [ RunTime:0.0070s ]
SQL: SELECT `invite_code` FROM `pt_member` WHERE ( id=2  ) LIMIT 1   [ RunTime:0.0002s ]
INFO: [ app_end ] --START--
INFO: Run Behavior\ShowPageTraceBehavior [ RunTime:0.000576s ]
INFO: [ app_end ] --END-- [ RunTime:0.000633s ]

[ 2016-09-14T13:28:21+08:00 ] ::1 /project2/parttime/index.php/Wchat/Member/loadQRcode.html
INFO: [ app_begin ] --START--
INFO: Run Behavior\ReadHtmlCacheBehavior [ RunTime:0.000555s ]
INFO: [ app_begin ] --END-- [ RunTime:0.001039s ]

[ 2016-09-14T13:28:21+08:00 ] ::1 /project2/parttime/index.php/Wchat/%7B__NOLAYOUT__%7D%3C!DOCTYPE%20html%20PUBLIC%20%22-//W3C//DTD%20XHTML%201.0%20Transitional//EN%22%20%22http://www.w3.org/TR/xhtml1/DTD/xhtml1-transitional.dtd%22%3E%3Chtml%20xmlns=%22http://www.w3.org/1999/xhtml%22%3E%3Chead%3E%3Cmeta%20content=%22text/html;%20charset=utf-8%22%20http-equiv=%22Content-Type%22%3E%3Ctitle%3E%E7%B3%BB%E7%BB%9F%E5%8F%91%E7%94%9F%E9%94%99%E8%AF%AF%3C/title%3E%3Cstyle%20type=%22text/css%22%3E*%7B%20padding:%200;%20margin:%200;%20%7Dhtml%7B%20overflow-y:%20scroll;%20%7Dbody%7B%20background:%20
ERR: 无法加载控制器:{__NOLAYOUT__}

[ 2016-09-14T13:28:42+08:00 ] ::1 /project2/parttime/index.php/Wchat/Member
ERR: 1146:Table 'shuadang.pt_memeber_withdrawals_method' doesn't exist
 [ SQL语句 ] : SHOW COLUMNS FROM `pt_memeber_withdrawals_method`

[ 2016-09-14T13:30:30+08:00 ] ::1 /project2/parttime/index.php/Wchat/Member/loadQRcode.html
INFO: [ app_begin ] --START--
INFO: Run Behavior\ReadHtmlCacheBehavior [ RunTime:0.000552s ]
INFO: [ app_begin ] --END-- [ RunTime:0.000907s ]
NOTIC: [2048] Declaration of Wchat\Controller\MemberController::acceptTask() should be compatible with that of Components\Base\WchatController::acceptTask() D:\WWW\project2\parttime\Application\Wchat\Controller\MemberController.class.php 第 18 行.
SQL: SHOW COLUMNS FROM `pt_manager` [ RunTime:0.0380s ]
SQL: SHOW COLUMNS FROM `pt_wechat_account` [ RunTime:0.0134s ]
SQL: SHOW COLUMNS FROM `pt_member` [ RunTime:0.0111s ]
SQL: SHOW COLUMNS FROM `pt_task_handle` [ RunTime:0.0097s ]
SQL: SHOW COLUMNS FROM `pt_task` [ RunTime:0.0095s ]
SQL: SHOW COLUMNS FROM `pt_partner` [ RunTime:0.0104s ]
SQL: SHOW COLUMNS FROM `pt_partner_deposit` [ RunTime:0.0114s ]
SQL: SHOW COLUMNS FROM `pt_task_submit_result` [ RunTime:0.0091s ]
SQL: SHOW COLUMNS FROM `pt_task_submit_picture` [ RunTime:0.0104s ]
SQL: SHOW COLUMNS FROM `pt_member_withdrawals_method` [ RunTime:0.0062s ]
SQL: SHOW COLUMNS FROM `pt_member_withdrawals` [ RunTime:0.0081s ]
SQL: SHOW COLUMNS FROM `pt_task_handle` [ RunTime:0.0072s ]
SQL: SHOW COLUMNS FROM `pt_task_appeal` [ RunTime:0.0098s ]
SQL: SHOW COLUMNS FROM `pt_task_appeal_picture` [ RunTime:0.0072s ]
SQL: SELECT `invite_code` FROM `pt_member` WHERE ( id=2  ) LIMIT 1   [ RunTime:0.0003s ]
INFO: [ app_end ] --START--
INFO: Run Behavior\ShowPageTraceBehavior [ RunTime:0.000652s ]
INFO: [ app_end ] --END-- [ RunTime:0.000724s ]

